#-----------------------------------------------------------
# Vivado v2018.1 (64-bit)
# SW Build 2188600 on Wed Apr  4 18:40:38 MDT 2018
# IP Build 2185939 on Wed Apr  4 20:55:05 MDT 2018
# Start of session at: Tue Apr 25 10:21:13 2023
# Process ID: 11956
# Current directory: D:/Academic/Computer Organization and Digital Design/Labs/Lab5
# Command line: vivado.exe -gui_launcher_event rodinguilauncherevent17748 D:\Academic\Computer Organization and Digital Design\Labs\Lab5\Lab5.xpr
# Log file: D:/Academic/Computer Organization and Digital Design/Labs/Lab5/vivado.log
# Journal file: D:/Academic/Computer Organization and Digital Design/Labs/Lab5\vivado.jou
#-----------------------------------------------------------
start_gui
open_project {D:/Academic/Computer Organization and Digital Design/Labs/Lab5/Lab5.xpr}
Scanning sources...
Finished scanning sources
INFO: [IP_Flow 19-234] Refreshing IP repositories
INFO: [IP_Flow 19-1704] No user IP repositories specified
INFO: [IP_Flow 19-2313] Loaded Vivado IP repository 'C:/Xilinx/Vivado/2018.1/data/ip'.
open_project: Time (s): cpu = 00:00:08 ; elapsed = 00:00:05 . Memory (MB): peak = 853.258 ; gain = 109.387
update_compile_order -fileset sources_1
set_property top Counter_sim [get_filesets sim_1]
set_property top_lib xil_defaultlib [get_filesets sim_1]
update_compile_order -fileset sim_1
set_property top Counter [current_fileset]
update_compile_order -fileset sources_1
launch_simulation
INFO: [Vivado 12-5682] Launching behavioral simulation in 'D:/Academic/Computer Organization and Digital Design/Labs/Lab5/Lab5.sim/sim_1/behav/xsim'
INFO: [SIM-utils-51] Simulation object is 'sim_1'
INFO: [SIM-utils-54] Inspecting design source files for 'Counter_sim' in fileset 'sim_1'...
INFO: [USF-XSim-97] Finding global include files...
INFO: [USF-XSim-98] Fetching design files from 'sim_1'...
INFO: [USF-XSim-2] XSim::Compile design
INFO: [USF-XSim-61] Executing 'COMPILE and ANALYZE' step in 'D:/Academic/Computer Organization and Digital Design/Labs/Lab5/Lab5.sim/sim_1/behav/xsim'
"xvhdl --incr --relax -prj Counter_sim_vhdl.prj"
INFO: [VRFC 10-163] Analyzing VHDL file "D:/Academic/Computer Organization and Digital Design/Labs/Lab5/Lab5.srcs/sources_1/new/Counter.vhd" into library xil_defaultlib
INFO: [VRFC 10-307] analyzing entity Counter
INFO: [VRFC 10-163] Analyzing VHDL file "D:/Academic/Computer Organization and Digital Design/Labs/Lab5/Lab5.srcs/sim_1/new/Counter_sim.vhd" into library xil_defaultlib
INFO: [VRFC 10-307] analyzing entity Counter_sim
INFO: [USF-XSim-69] 'compile' step finished in '1' seconds
INFO: [USF-XSim-3] XSim::Elaborate design
INFO: [USF-XSim-61] Executing 'ELABORATE' step in 'D:/Academic/Computer Organization and Digital Design/Labs/Lab5/Lab5.sim/sim_1/behav/xsim'
Vivado Simulator 2018.1
Copyright 1986-1999, 2001-2017 Xilinx, Inc. All Rights Reserved.
Running: C:/Xilinx/Vivado/2018.1/bin/unwrapped/win64.o/xelab.exe -wto eac64a6297cf4c1d8fb287bac299803b --incr --debug typical --relax --mt 2 -L xil_defaultlib -L secureip --snapshot Counter_sim_behav xil_defaultlib.Counter_sim -log elaborate.log 
Using 2 slave threads.
Starting static elaboration
Completed static elaboration
Starting simulation data flow analysis
Completed simulation data flow analysis
Time Resolution for simulation is 1ps
Compiling package std.standard
Compiling package std.textio
Compiling package ieee.std_logic_1164
Compiling architecture behavioral of entity xil_defaultlib.Slow_Clk [slow_clk_default]
Compiling architecture behavioral of entity xil_defaultlib.D_FF [d_ff_default]
Compiling architecture behavioral of entity xil_defaultlib.Counter [counter_default]
Compiling architecture behavioral of entity xil_defaultlib.counter_sim
Built simulation snapshot Counter_sim_behav

****** Webtalk v2018.1 (64-bit)
  **** SW Build 2188600 on Wed Apr  4 18:40:38 MDT 2018
  **** IP Build 2185939 on Wed Apr  4 20:55:05 MDT 2018
    ** Copyright 1986-2018 Xilinx, Inc. All Rights Reserved.

source D:/Academic/Computer -notrace
couldn't read file "D:/Academic/Computer": permission denied
INFO: [Common 17-206] Exiting Webtalk at Tue Apr 25 10:25:33 2023...
INFO: [USF-XSim-69] 'elaborate' step finished in '3' seconds
INFO: [USF-XSim-4] XSim::Simulate design
INFO: [USF-XSim-61] Executing 'SIMULATE' step in 'D:/Academic/Computer Organization and Digital Design/Labs/Lab5/Lab5.sim/sim_1/behav/xsim'
INFO: [USF-XSim-98] *** Running xsim
   with args "Counter_sim_behav -key {Behavioral:sim_1:Functional:Counter_sim} -tclbatch {Counter_sim.tcl} -log {simulate.log}"
INFO: [USF-XSim-8] Loading simulator feature
Vivado Simulator 2018.1
Time resolution is 1 ps
source Counter_sim.tcl
# set curr_wave [current_wave_config]
# if { [string length $curr_wave] == 0 } {
#   if { [llength [get_objects]] > 0} {
#     add_wave /
#     set_property needs_save false [current_wave_config]
#   } else {
#      send_msg_id Add_Wave-1 WARNING "No top level signals found. Simulator will start without a wave window. If you want to open a wave window go to 'File->New Waveform Configuration' or type 'create_wave_config' in the TCL console."
#   }
# }
# run 1000ns
INFO: [USF-XSim-96] XSim completed. Design snapshot 'Counter_sim_behav' loaded.
INFO: [USF-XSim-97] XSim simulation ran for 1000ns
launch_simulation: Time (s): cpu = 00:00:02 ; elapsed = 00:00:07 . Memory (MB): peak = 899.043 ; gain = 9.867
close_sim
INFO: [Simtcl 6-16] Simulation closed
exit
INFO: [Common 17-206] Exiting Vivado at Tue Apr 25 10:26:04 2023...
