#-----------------------------------------------------------
# Vivado v2018.1 (64-bit)
# SW Build 2188600 on Wed Apr  4 18:40:38 MDT 2018
# IP Build 2185939 on Wed Apr  4 20:55:05 MDT 2018
# Start of session at: Tue May  9 13:56:22 2023
# Process ID: 10760
# Current directory: D:/Academic/Computer Organization and Digital Design/Labs/Lab7/Lab7
# Command line: vivado.exe -gui_launcher_event rodinguilauncherevent1892 D:\Academic\Computer Organization and Digital Design\Labs\Lab7\Lab7\Lab7.xpr
# Log file: D:/Academic/Computer Organization and Digital Design/Labs/Lab7/Lab7/vivado.log
# Journal file: D:/Academic/Computer Organization and Digital Design/Labs/Lab7/Lab7\vivado.jou
#-----------------------------------------------------------
start_gui
open_project {D:/Academic/Computer Organization and Digital Design/Labs/Lab7/Lab7/Lab7.xpr}
Scanning sources...
Finished scanning sources
INFO: [IP_Flow 19-234] Refreshing IP repositories
INFO: [IP_Flow 19-1704] No user IP repositories specified
INFO: [IP_Flow 19-2313] Loaded Vivado IP repository 'C:/Xilinx/Vivado/2018.1/data/ip'.
open_project: Time (s): cpu = 00:00:10 ; elapsed = 00:00:05 . Memory (MB): peak = 881.617 ; gain = 144.523
update_compile_order -fileset sources_1
add_files -fileset constrs_1 -norecurse {{D:/Academic/Computer Organization and Digital Design/Labs/Lab7/Lab7/Basys3Labs.xdc}}
exit
INFO: [Common 17-206] Exiting Vivado at Tue May  9 14:02:20 2023...
