#-----------------------------------------------------------
# Vivado v2018.1 (64-bit)
# SW Build 2188600 on Wed Apr  4 18:40:38 MDT 2018
# IP Build 2185939 on Wed Apr  4 20:55:05 MDT 2018
# Start of session at: Thu Apr 27 18:44:36 2023
# Process ID: 8988
# Current directory: D:/Academic/Computer Organization and Digital Design/Labs/Lab 3/Lab 3
# Command line: vivado.exe -gui_launcher_event rodinguilauncherevent13152 D:\Academic\Computer Organization and Digital Design\Labs\Lab 3\Lab 3\Lab 3.xpr
# Log file: D:/Academic/Computer Organization and Digital Design/Labs/Lab 3/Lab 3/vivado.log
# Journal file: D:/Academic/Computer Organization and Digital Design/Labs/Lab 3/Lab 3\vivado.jou
#-----------------------------------------------------------
start_gui
open_project {D:/Academic/Computer Organization and Digital Design/Labs/Lab 3/Lab 3/Lab 3.xpr}
Scanning sources...
Finished scanning sources
INFO: [IP_Flow 19-234] Refreshing IP repositories
INFO: [IP_Flow 19-1700] Loaded user IP repository 'd:/academic/computer organization and digital design/labs'.
INFO: [IP_Flow 19-2313] Loaded Vivado IP repository 'C:/Xilinx/Vivado/2018.1/data/ip'.
open_project: Time (s): cpu = 00:00:08 ; elapsed = 00:00:07 . Memory (MB): peak = 869.184 ; gain = 101.836
update_compile_order -fileset sources_1
exit
INFO: [Common 17-206] Exiting Vivado at Thu Apr 27 18:46:18 2023...
