#-----------------------------------------------------------
# Vivado v2018.1 (64-bit)
# SW Build 2188600 on Wed Apr  4 18:40:38 MDT 2018
# IP Build 2185939 on Wed Apr  4 20:55:05 MDT 2018
# Start of session at: Fri May  5 17:43:12 2023
# Process ID: 16044
# Current directory: D:/Academic/Computer Organization and Digital Design/Labs/Lab6
# Command line: vivado.exe -gui_launcher_event rodinguilauncherevent7160 D:\Academic\Computer Organization and Digital Design\Labs\Lab6\Lab6.xpr
# Log file: D:/Academic/Computer Organization and Digital Design/Labs/Lab6/vivado.log
# Journal file: D:/Academic/Computer Organization and Digital Design/Labs/Lab6\vivado.jou
#-----------------------------------------------------------
start_gui
open_project {D:/Academic/Computer Organization and Digital Design/Labs/Lab6/Lab6.xpr}
CRITICAL WARNING: [Project 1-19] Could not find the file 'D:/Academic/Computer Organization and Digital Design/Labs/Lab 6/AU_Sim_behav.wcfg'.
Scanning sources...
Finished scanning sources
INFO: [IP_Flow 19-234] Refreshing IP repositories
INFO: [IP_Flow 19-1704] No user IP repositories specified
INFO: [IP_Flow 19-2313] Loaded Vivado IP repository 'C:/Xilinx/Vivado/2018.1/data/ip'.
updaexit
INFO: [Common 17-206] Exiting Vivado at Fri May  5 20:01:00 2023...
vado at Fri May  5 17:44:01 2023...
