#-----------------------------------------------------------
# Vivado v2018.1 (64-bit)
# SW Build 2188600 on Wed Apr  4 18:40:38 MDT 2018
# IP Build 2185939 on Wed Apr  4 20:55:05 MDT 2018
# Start of session at: Fri Mar 24 13:23:42 2023
# Process ID: 26948
# Current directory: D:/Academic/Computer Organization and Digital Design/Labs/Lab 4
# Command line: vivado.exe -gui_launcher_event rodinguilauncherevent13128 D:\Academic\Computer Organization and Digital Design\Labs\Lab 4\Lab 4.xpr
# Log file: D:/Academic/Computer Organization and Digital Design/Labs/Lab 4/vivado.log
# Journal file: D:/Academic/Computer Organization and Digital Design/Labs/Lab 4\vivado.jou
#-----------------------------------------------------------
start_gui
open_project {D:/Academic/Computer Organization and Digital Design/Labs/Lab 4/Lab 4.xpr}
Scanning sources...
Finished scanning sources
INFO: [IP_Flow 19-234] Refreshing IP repositories
INFO: [IP_Flow 19-1704] No user IP repositories specified
INFO: [IP_Flow 19-2313] Loaded Vivado IP repository 'C:/Xilinx/Vivado/2018.1/data/ip'.
update_compile_order -fileset sources_1
exit
INFO: [Common 17-206] Exiting Vivado at Fri Mar 24 13:24:50 2023...
compile_order -fileset sources_1
launch_simulation
INFO: [Vivado 12-5682] Launching behavioral simulation in 'D:/Academic/Computer Organization and Digital Design/Labs/Lab 4/Lab 4.sim/sim_1/behav/xsim'
INFO: [SIM-utils-51] Simulation object is 'sim_1'
INFO: [SIM-utils-54] Inspecting design source files for 'TB_Decoder_2_to_4' in fileset 'sim_1'...
INFO: [USF-XSim-97] Finding global include files...
INFO: [USF-XSim-98] Fetching design files from 'sim_1'...
INFO: [USF-XSim-2] XSim::Compile design
INFO: [USF-XSim-61] Executing 'COMPILE and ANALYZE' step in 'D:/Academic/Computer Organization and Digital Design/Labs/Lab 4/Lab 4.sim/sim_1/behav/xsim'
"xvhdl --incr --relax -prj TB_Decoder_2_to_4_vhdl.prj"
INFO: [USF-XSim-69] 'compile' step finished in '1' seconds
INFO: [USF-XSim-3] XSim::Elaborate design
INFO: [USF-XSim-61] Executing 'ELABORATE' step in 'D:/Academic/Computer Organization and Digital Design/Labs/Lab 4/Lab 4.sim/sim_1/behav/xsim'
Vivado Simulator 2018.1
Copyright 1986-1999, 2001-2017 Xilinx, Inc. All Rights Reserved.
Running: C:/Xilinx/Vivado/2018.1/bin/unwrapped/win64.o/xelab.exe -wto d721c5f40bd144829b3b803a2d6889b3 --incr --debug typical --relax --mt 2 -L xil_defaultlib -L secureip --snapshot TB_Decoder_2_to_4_behav xil_defaultlib.TB_Decoder_2_to_4 -log elaborate.log 
Using 2 slave threads.
Starting static elaboration
Completed static elaboration
INFO: [XSIM 43-4323] No Change in HDL. Linking previously generated obj files to create kernel
INFO: [USF-XSim-69] 'elaborate' step finished in '2' seconds
INFO: [USF-XSim-4] XSim::Simulate design
INFO: [USF-XSim-61] Executing 'SIMULATE' step in 'D:/Academic/Computer Organization and Digital Design/Labs/Lab 4/Lab 4.sim/sim_1/behav/xsim'
INFO: [USF-XSim-98] *** Running xsim
   with args "TB_Decoder_2_to_4_behav -key {Behavioral:sim_1:Functional:TB_Decoder_2_to_4} -tclbatch {TB_Decoder_2_to_4.tcl} -log {simulate.log}"
INFO: [USF-XSim-8] Loading simulator feature
Vivado Simulator 2018.1
Time resolution is 1 ps
source TB_Decoder_2_to_4.tcl
# set curr_wave [current_wave_config]
# if { [string length $curr_wave] == 0 } {
#   if { [llength [get_objects]] > 0} {
#     add_wave /
#     set_property needs_save false [current_wave_config]
#   } else {
#      send_msg_id Add_Wave-1 WARNING "No top level signals found. Simulator will start without a wave window. If you want to open a wave window go to 'File->New Waveform Configuration' or type 'create_wave_config' in the TCL console."
#   }
# }
# run 1000ns
INFO: [USF-XSim-96] XSim completed. Design snapshot 'TB_Decoder_2_to_4_behav' loaded.
INFO: [USF-XSim-97] XSim simulation ran for 1000ns
launch_simulation: Time (s): cpu = 00:00:04 ; elapsed = 00:00:06 . Memory (MB): peak = 839.566 ; gain = 9.699
close [ open {D:/Academic/Computer Organization and Digital Design/Labs/Lab 4/Lab 4.srcs/sources_1/new/Decoder_3_to_8.vhd} w ]
add_files {{D:/Academic/Computer Organization and Digital Design/Labs/Lab 4/Lab 4.srcs/sources_1/new/Decoder_3_to_8.vhd}}
update_compile_order -fileset sources_1
update_compile_order -fileset sources_1
set_property SOURCE_SET sources_1 [get_filesets sim_1]
close [ open {D:/Academic/Computer Organization and Digital Design/Labs/Lab 4/Lab 4.srcs/sim_1/new/TB_Decoder_3_to_8.vhd} w ]
add_files -fileset sim_1 {{D:/Academic/Computer Organization and Digital Design/Labs/Lab 4/Lab 4.srcs/sim_1/new/TB_Decoder_3_to_8.vhd}}
update_compile_order -fileset sim_1
set_property top Decoder_3_to_8 [get_filesets sim_1]
set_property top_lib xil_defaultlib [get_filesets sim_1]
update_compile_order -fileset sim_1
set_property top TB_Decoder_3_to_8 [get_filesets sim_1]
set_property top_lib xil_defaultlib [get_filesets sim_1]
update_compile_order -fileset sim_1
set_property top Decoder_3_to_8 [get_filesets sim_1]
set_property top_lib xil_defaultlib [get_filesets sim_1]
update_compile_order -fileset sim_1
launch_simulation
INFO: [Vivado 12-5682] Launching behavioral simulation in 'D:/Academic/Computer Organization and Digital Design/Labs/Lab 4/Lab 4.sim/sim_1/behav/xsim'
INFO: [SIM-utils-51] Simulation object is 'sim_1'
INFO: [SIM-utils-54] Inspecting design source files for 'Decoder_3_to_8' in fileset 'sim_1'...
INFO: [USF-XSim-97] Finding global include files...
INFO: [USF-XSim-98] Fetching design files from 'sim_1'...
INFO: [USF-XSim-2] XSim::Compile design
INFO: [USF-XSim-61] Executing 'COMPILE and ANALYZE' step in 'D:/Academic/Computer Organization and Digital Design/Labs/Lab 4/Lab 4.sim/sim_1/behav/xsim'
"xvhdl --incr --relax -prj Decoder_3_to_8_vhdl.prj"
INFO: [VRFC 10-163] Analyzing VHDL file "D:/Academic/Computer Organization and Digital Design/Labs/Lab 4/Lab 4.srcs/sources_1/new/Decoder_3_to_8.vhd" into library xil_defaultlib
INFO: [VRFC 10-307] analyzing entity Decoder_3_to_8
INFO: [USF-XSim-69] 'compile' step finished in '1' seconds
INFO: [USF-XSim-3] XSim::Elaborate design
INFO: [USF-XSim-61] Executing 'ELABORATE' step in 'D:/Academic/Computer Organization and Digital Design/Labs/Lab 4/Lab 4.sim/sim_1/behav/xsim'
Vivado Simulator 2018.1
Copyright 1986-1999, 2001-2017 Xilinx, Inc. All Rights Reserved.
Running: C:/Xilinx/Vivado/2018.1/bin/unwrapped/win64.o/xelab.exe -wto d721c5f40bd144829b3b803a2d6889b3 --incr --debug typical --relax --mt 2 -L xil_defaultlib -L secureip --snapshot Decoder_3_to_8_behav xil_defaultlib.Decoder_3_to_8 -log elaborate.log 
Using 2 slave threads.
Starting static elaboration
WARNING: [VRFC 10-122] decode_2_to_4 remains a black-box since it has no binding entity [D:/Academic/Computer Organization and Digital Design/Labs/Lab 4/Lab 4.srcs/sources_1/new/Decoder_3_to_8.vhd:51]
WARNING: [VRFC 10-122] decode_2_to_4 remains a black-box since it has no binding entity [D:/Academic/Computer Organization and Digital Design/Labs/Lab 4/Lab 4.srcs/sources_1/new/Decoder_3_to_8.vhd:56]
Completed static elaboration
Starting simulation data flow analysis
Completed simulation data flow analysis
Time Resolution for simulation is 1ps
Compiling package std.standard
Compiling package std.textio
Compiling package ieee.std_logic_1164
Compiling architecture behavioral of entity xil_defaultlib.decoder_3_to_8
Built simulation snapshot Decoder_3_to_8_behav

****** Webtalk v2018.1 (64-bit)
  **** SW Build 2188600 on Wed Apr  4 18:40:38 MDT 2018
  **** IP Build 2185939 on Wed Apr  4 20:55:05 MDT 2018
    ** Copyright 1986-2018 Xilinx, Inc. All Rights Reserved.

source D:/Academic/Computer -notrace
couldn't read file "D:/Academic/Computer": permission denied
INFO: [Common 17-206] Exiting Webtalk at Fri Mar 24 14:38:21 2023...
INFO: [USF-XSim-69] 'elaborate' step finished in '3' seconds
INFO: [USF-XSim-4] XSim::Simulate design
INFO: [USF-XSim-61] Executing 'SIMULATE' step in 'D:/Academic/Computer Organization and Digital Design/Labs/Lab 4/Lab 4.sim/sim_1/behav/xsim'
INFO: [USF-XSim-98] *** Running xsim
   with args "Decoder_3_to_8_behav -key {Behavioral:sim_1:Functional:Decoder_3_to_8} -tclbatch {Decoder_3_to_8.tcl} -log {simulate.log}"
INFO: [USF-XSim-8] Loading simulator feature
Vivado Simulator 2018.1
Time resolution is 1 ps
source Decoder_3_to_8.tcl
# set curr_wave [current_wave_config]
# if { [string length $curr_wave] == 0 } {
#   if { [llength [get_objects]] > 0} {
#     add_wave /
#     set_property needs_save false [current_wave_config]
#   } else {
#      send_msg_id Add_Wave-1 WARNING "No top level signals found. Simulator will start without a wave window. If you want to open a wave window go to 'File->New Waveform Configuration' or type 'create_wave_config' in the TCL console."
#   }
# }
# run 1000ns
INFO: [USF-XSim-96] XSim completed. Design snapshot 'Decoder_3_to_8_behav' loaded.
INFO: [USF-XSim-97] XSim simulation ran for 1000ns
launch_simulation: Time (s): cpu = 00:00:01 ; elapsed = 00:00:06 . Memory (MB): peak = 887.266 ; gain = 0.000
set_property top TB_Decoder_3_to_8 [get_filesets sim_1]
set_property top_lib xil_defaultlib [get_filesets sim_1]
update_compile_order -fileset sim_1
current_sim simulation_1
launch_simulation
INFO: [Vivado 12-5682] Launching behavioral simulation in 'D:/Academic/Computer Organization and Digital Design/Labs/Lab 4/Lab 4.sim/sim_1/behav/xsim'
INFO: [SIM-utils-51] Simulation object is 'sim_1'
INFO: [SIM-utils-54] Inspecting design source files for 'TB_Decoder_3_to_8' in fileset 'sim_1'...
INFO: [USF-XSim-97] Finding global include files...
INFO: [USF-XSim-98] Fetching design files from 'sim_1'...
INFO: [USF-XSim-2] XSim::Compile design
INFO: [USF-XSim-61] Executing 'COMPILE and ANALYZE' step in 'D:/Academic/Computer Organization and Digital Design/Labs/Lab 4/Lab 4.sim/sim_1/behav/xsim'
"xvhdl --incr --relax -prj TB_Decoder_3_to_8_vhdl.prj"
INFO: [VRFC 10-163] Analyzing VHDL file "D:/Academic/Computer Organization and Digital Design/Labs/Lab 4/Lab 4.srcs/sim_1/new/TB_Decoder_3_to_8.vhd" into library xil_defaultlib
INFO: [VRFC 10-307] analyzing entity TB_Decoder_3_to_8
INFO: [USF-XSim-69] 'compile' step finished in '1' seconds
INFO: [USF-XSim-3] XSim::Elaborate design
INFO: [USF-XSim-61] Executing 'ELABORATE' step in 'D:/Academic/Computer Organization and Digital Design/Labs/Lab 4/Lab 4.sim/sim_1/behav/xsim'
Vivado Simulator 2018.1
Copyright 1986-1999, 2001-2017 Xilinx, Inc. All Rights Reserved.
Running: C:/Xilinx/Vivado/2018.1/bin/unwrapped/win64.o/xelab.exe -wto d721c5f40bd144829b3b803a2d6889b3 --incr --debug typical --relax --mt 2 -L xil_defaultlib -L secureip --snapshot TB_Decoder_3_to_8_behav xil_defaultlib.TB_Decoder_3_to_8 -log elaborate.log 
Using 2 slave threads.
Starting static elaboration
WARNING: [VRFC 10-122] decode_2_to_4 remains a black-box since it has no binding entity [D:/Academic/Computer Organization and Digital Design/Labs/Lab 4/Lab 4.srcs/sources_1/new/Decoder_3_to_8.vhd:51]
WARNING: [VRFC 10-122] decode_2_to_4 remains a black-box since it has no binding entity [D:/Academic/Computer Organization and Digital Design/Labs/Lab 4/Lab 4.srcs/sources_1/new/Decoder_3_to_8.vhd:56]
Completed static elaboration
Starting simulation data flow analysis
Completed simulation data flow analysis
Time Resolution for simulation is 1ps
Compiling package std.standard
Compiling package std.textio
Compiling package ieee.std_logic_1164
Compiling architecture behavioral of entity xil_defaultlib.Decoder_3_to_8 [decoder_3_to_8_default]
Compiling architecture behavioral of entity xil_defaultlib.tb_decoder_3_to_8
Built simulation snapshot TB_Decoder_3_to_8_behav

****** Webtalk v2018.1 (64-bit)
  **** SW Build 2188600 on Wed Apr  4 18:40:38 MDT 2018
  **** IP Build 2185939 on Wed Apr  4 20:55:05 MDT 2018
    ** Copyright 1986-2018 Xilinx, Inc. All Rights Reserved.

source D:/Academic/Computer -notrace
couldn't read file "D:/Academic/Computer": permission denied
INFO: [Common 17-206] Exiting Webtalk at Fri Mar 24 14:38:56 2023...
INFO: [USF-XSim-69] 'elaborate' step finished in '1' seconds
INFO: [USF-XSim-4] XSim::Simulate design
INFO: [USF-XSim-61] Executing 'SIMULATE' step in 'D:/Academic/Computer Organization and Digital Design/Labs/Lab 4/Lab 4.sim/sim_1/behav/xsim'
INFO: [USF-XSim-98] *** Running xsim
   with args "TB_Decoder_3_to_8_behav -key {Behavioral:sim_1:Functional:TB_Decoder_3_to_8} -tclbatch {TB_Decoder_3_to_8.tcl} -log {simulate.log}"
INFO: [USF-XSim-8] Loading simulator feature
Vivado Simulator 2018.1
Time resolution is 1 ps
source TB_Decoder_3_to_8.tcl
# set curr_wave [current_wave_config]
# if { [string length $curr_wave] == 0 } {
#   if { [llength [get_objects]] > 0} {
#     add_wave /
#     set_property needs_save false [current_wave_config]
#   } else {
#      send_msg_id Add_Wave-1 WARNING "No top level signals found. Simulator will start without a wave window. If you want to open a wave window go to 'File->New Waveform Configuration' or type 'create_wave_config' in the TCL console."
#   }
# }
# run 1000ns
INFO: [USF-XSim-96] XSim completed. Design snapshot 'TB_Decoder_3_to_8_behav' loaded.
INFO: [USF-XSim-97] XSim simulation ran for 1000ns
set_property top Decoder_3_to_8 [get_filesets sim_1]
set_property top_lib xil_defaultlib [get_filesets sim_1]
update_compile_order -fileset sim_1
current_sim simulation_2
close_sim
INFO: [Simtcl 6-16] Simulation closed
launch_simulation
INFO: [Vivado 12-5682] Launching behavioral simulation in 'D:/Academic/Computer Organization and Digital Design/Labs/Lab 4/Lab 4.sim/sim_1/behav/xsim'
INFO: [SIM-utils-51] Simulation object is 'sim_1'
INFO: [SIM-utils-54] Inspecting design source files for 'Decoder_3_to_8' in fileset 'sim_1'...
INFO: [USF-XSim-97] Finding global include files...
INFO: [USF-XSim-98] Fetching design files from 'sim_1'...
INFO: [USF-XSim-2] XSim::Compile design
INFO: [USF-XSim-61] Executing 'COMPILE and ANALYZE' step in 'D:/Academic/Computer Organization and Digital Design/Labs/Lab 4/Lab 4.sim/sim_1/behav/xsim'
"xvhdl --incr --relax -prj Decoder_3_to_8_vhdl.prj"
INFO: [USF-XSim-69] 'compile' step finished in '1' seconds
INFO: [USF-XSim-3] XSim::Elaborate design
INFO: [USF-XSim-61] Executing 'ELABORATE' step in 'D:/Academic/Computer Organization and Digital Design/Labs/Lab 4/Lab 4.sim/sim_1/behav/xsim'
Vivado Simulator 2018.1
Copyright 1986-1999, 2001-2017 Xilinx, Inc. All Rights Reserved.
Running: C:/Xilinx/Vivado/2018.1/bin/unwrapped/win64.o/xelab.exe -wto d721c5f40bd144829b3b803a2d6889b3 --incr --debug typical --relax --mt 2 -L xil_defaultlib -L secureip --snapshot Decoder_3_to_8_behav xil_defaultlib.Decoder_3_to_8 -log elaborate.log 
Using 2 slave threads.
Starting static elaboration
WARNING: [VRFC 10-122] decode_2_to_4 remains a black-box since it has no binding entity [D:/Academic/Computer Organization and Digital Design/Labs/Lab 4/Lab 4.srcs/sources_1/new/Decoder_3_to_8.vhd:51]
WARNING: [VRFC 10-122] decode_2_to_4 remains a black-box since it has no binding entity [D:/Academic/Computer Organization and Digital Design/Labs/Lab 4/Lab 4.srcs/sources_1/new/Decoder_3_to_8.vhd:56]
Completed static elaboration
INFO: [XSIM 43-4323] No Change in HDL. Linking previously generated obj files to create kernel
INFO: [USF-XSim-69] 'elaborate' step finished in '1' seconds
INFO: [USF-XSim-4] XSim::Simulate design
INFO: [USF-XSim-61] Executing 'SIMULATE' step in 'D:/Academic/Computer Organization and Digital Design/Labs/Lab 4/Lab 4.sim/sim_1/behav/xsim'
INFO: [USF-XSim-98] *** Running xsim
   with args "Decoder_3_to_8_behav -key {Behavioral:sim_1:Functional:Decoder_3_to_8} -tclbatch {Decoder_3_to_8.tcl} -log {simulate.log}"
INFO: [USF-XSim-8] Loading simulator feature
Vivado Simulator 2018.1
Time resolution is 1 ps
source Decoder_3_to_8.tcl
# set curr_wave [current_wave_config]
# if { [string length $curr_wave] == 0 } {
#   if { [llength [get_objects]] > 0} {
#     add_wave /
#     set_property needs_save false [current_wave_config]
#   } else {
#      send_msg_id Add_Wave-1 WARNING "No top level signals found. Simulator will start without a wave window. If you want to open a wave window go to 'File->New Waveform Configuration' or type 'create_wave_config' in the TCL console."
#   }
# }
# run 1000ns
INFO: [USF-XSim-96] XSim completed. Design snapshot 'Decoder_3_to_8_behav' loaded.
INFO: [USF-XSim-97] XSim simulation ran for 1000ns
close_sim
INFO: [Simtcl 6-16] Simulation closed
launch_simulation
INFO: [Vivado 12-5682] Launching behavioral simulation in 'D:/Academic/Computer Organization and Digital Design/Labs/Lab 4/Lab 4.sim/sim_1/behav/xsim'
INFO: [SIM-utils-51] Simulation object is 'sim_1'
INFO: [SIM-utils-54] Inspecting design source files for 'Decoder_3_to_8' in fileset 'sim_1'...
INFO: [USF-XSim-97] Finding global include files...
INFO: [USF-XSim-98] Fetching design files from 'sim_1'...
INFO: [USF-XSim-2] XSim::Compile design
INFO: [USF-XSim-61] Executing 'COMPILE and ANALYZE' step in 'D:/Academic/Computer Organization and Digital Design/Labs/Lab 4/Lab 4.sim/sim_1/behav/xsim'
"xvhdl --incr --relax -prj Decoder_3_to_8_vhdl.prj"
INFO: [USF-XSim-69] 'compile' step finished in '1' seconds
INFO: [USF-XSim-3] XSim::Elaborate design
INFO: [USF-XSim-61] Executing 'ELABORATE' step in 'D:/Academic/Computer Organization and Digital Design/Labs/Lab 4/Lab 4.sim/sim_1/behav/xsim'
Vivado Simulator 2018.1
Copyright 1986-1999, 2001-2017 Xilinx, Inc. All Rights Reserved.
Running: C:/Xilinx/Vivado/2018.1/bin/unwrapped/win64.o/xelab.exe -wto d721c5f40bd144829b3b803a2d6889b3 --incr --debug typical --relax --mt 2 -L xil_defaultlib -L secureip --snapshot Decoder_3_to_8_behav xil_defaultlib.Decoder_3_to_8 -log elaborate.log 
Using 2 slave threads.
Starting static elaboration
WARNING: [VRFC 10-122] decode_2_to_4 remains a black-box since it has no binding entity [D:/Academic/Computer Organization and Digital Design/Labs/Lab 4/Lab 4.srcs/sources_1/new/Decoder_3_to_8.vhd:51]
WARNING: [VRFC 10-122] decode_2_to_4 remains a black-box since it has no binding entity [D:/Academic/Computer Organization and Digital Design/Labs/Lab 4/Lab 4.srcs/sources_1/new/Decoder_3_to_8.vhd:56]
Completed static elaboration
INFO: [XSIM 43-4323] No Change in HDL. Linking previously generated obj files to create kernel
INFO: [USF-XSim-69] 'elaborate' step finished in '1' seconds
INFO: [USF-XSim-4] XSim::Simulate design
INFO: [USF-XSim-61] Executing 'SIMULATE' step in 'D:/Academic/Computer Organization and Digital Design/Labs/Lab 4/Lab 4.sim/sim_1/behav/xsim'
INFO: [USF-XSim-98] *** Running xsim
   with args "Decoder_3_to_8_behav -key {Behavioral:sim_1:Functional:Decoder_3_to_8} -tclbatch {Decoder_3_to_8.tcl} -log {simulate.log}"
INFO: [USF-XSim-8] Loading simulator feature
Vivado Simulator 2018.1
Time resolution is 1 ps
source Decoder_3_to_8.tcl
# set curr_wave [current_wave_config]
# if { [string length $curr_wave] == 0 } {
#   if { [llength [get_objects]] > 0} {
#     add_wave /
#     set_property needs_save false [current_wave_config]
#   } else {
#      send_msg_id Add_Wave-1 WARNING "No top level signals found. Simulator will start without a wave window. If you want to open a wave window go to 'File->New Waveform Configuration' or type 'create_wave_config' in the TCL console."
#   }
# }
# run 1000ns
INFO: [USF-XSim-96] XSim completed. Design snapshot 'Decoder_3_to_8_behav' loaded.
INFO: [USF-XSim-97] XSim simulation ran for 1000ns
set_property top TB_Decoder_3_to_8 [get_filesets sim_1]
set_property top_lib xil_defaultlib [get_filesets sim_1]
update_compile_order -fileset sim_1
current_sim simulation_3
close_sim
INFO: [Simtcl 6-16] Simulation closed
launch_simulation
INFO: [Vivado 12-5682] Launching behavioral simulation in 'D:/Academic/Computer Organization and Digital Design/Labs/Lab 4/Lab 4.sim/sim_1/behav/xsim'
INFO: [SIM-utils-51] Simulation object is 'sim_1'
INFO: [SIM-utils-54] Inspecting design source files for 'TB_Decoder_3_to_8' in fileset 'sim_1'...
INFO: [USF-XSim-97] Finding global include files...
INFO: [USF-XSim-98] Fetching design files from 'sim_1'...
INFO: [USF-XSim-2] XSim::Compile design
INFO: [USF-XSim-61] Executing 'COMPILE and ANALYZE' step in 'D:/Academic/Computer Organization and Digital Design/Labs/Lab 4/Lab 4.sim/sim_1/behav/xsim'
"xvhdl --incr --relax -prj TB_Decoder_3_to_8_vhdl.prj"
INFO: [VRFC 10-163] Analyzing VHDL file "D:/Academic/Computer Organization and Digital Design/Labs/Lab 4/Lab 4.srcs/sim_1/new/TB_Decoder_3_to_8.vhd" into library xil_defaultlib
INFO: [VRFC 10-307] analyzing entity TB_Decoder_3_to_8
INFO: [USF-XSim-69] 'compile' step finished in '1' seconds
INFO: [USF-XSim-3] XSim::Elaborate design
INFO: [USF-XSim-61] Executing 'ELABORATE' step in 'D:/Academic/Computer Organization and Digital Design/Labs/Lab 4/Lab 4.sim/sim_1/behav/xsim'
Vivado Simulator 2018.1
Copyright 1986-1999, 2001-2017 Xilinx, Inc. All Rights Reserved.
Running: C:/Xilinx/Vivado/2018.1/bin/unwrapped/win64.o/xelab.exe -wto d721c5f40bd144829b3b803a2d6889b3 --incr --debug typical --relax --mt 2 -L xil_defaultlib -L secureip --snapshot TB_Decoder_3_to_8_behav xil_defaultlib.TB_Decoder_3_to_8 -log elaborate.log 
Using 2 slave threads.
Starting static elaboration
WARNING: [VRFC 10-122] decode_2_to_4 remains a black-box since it has no binding entity [D:/Academic/Computer Organization and Digital Design/Labs/Lab 4/Lab 4.srcs/sources_1/new/Decoder_3_to_8.vhd:51]
WARNING: [VRFC 10-122] decode_2_to_4 remains a black-box since it has no binding entity [D:/Academic/Computer Organization and Digital Design/Labs/Lab 4/Lab 4.srcs/sources_1/new/Decoder_3_to_8.vhd:56]
Completed static elaboration
Starting simulation data flow analysis
Completed simulation data flow analysis
Time Resolution for simulation is 1ps
Compiling package std.standard
Compiling package std.textio
Compiling package ieee.std_logic_1164
Compiling architecture behavioral of entity xil_defaultlib.Decoder_3_to_8 [decoder_3_to_8_default]
Compiling architecture behavioral of entity xil_defaultlib.tb_decoder_3_to_8
Built simulation snapshot TB_Decoder_3_to_8_behav
INFO: [USF-XSim-69] 'elaborate' step finished in '2' seconds
INFO: [USF-XSim-4] XSim::Simulate design
INFO: [USF-XSim-61] Executing 'SIMULATE' step in 'D:/Academic/Computer Organization and Digital Design/Labs/Lab 4/Lab 4.sim/sim_1/behav/xsim'
INFO: [USF-XSim-98] *** Running xsim
   with args "TB_Decoder_3_to_8_behav -key {Behavioral:sim_1:Functional:TB_Decoder_3_to_8} -tclbatch {TB_Decoder_3_to_8.tcl} -log {simulate.log}"
INFO: [USF-XSim-8] Loading simulator feature
Vivado Simulator 2018.1
Time resolution is 1 ps
source TB_Decoder_3_to_8.tcl
# set curr_wave [current_wave_config]
# if { [string length $curr_wave] == 0 } {
#   if { [llength [get_objects]] > 0} {
#     add_wave /
#     set_property needs_save false [current_wave_config]
#   } else {
#      send_msg_id Add_Wave-1 WARNING "No top level signals found. Simulator will start without a wave window. If you want to open a wave window go to 'File->New Waveform Configuration' or type 'create_wave_config' in the TCL console."
#   }
# }
# run 1000ns
INFO: [USF-XSim-96] XSim completed. Design snapshot 'TB_Decoder_3_to_8_behav' loaded.
INFO: [USF-XSim-97] XSim simulation ran for 1000ns
update_compile_order -fileset sources_1
close_sim
INFO: [Simtcl 6-16] Simulation closed
launch_simulation
INFO: [Vivado 12-5682] Launching behavioral simulation in 'D:/Academic/Computer Organization and Digital Design/Labs/Lab 4/Lab 4.sim/sim_1/behav/xsim'
INFO: [SIM-utils-51] Simulation object is 'sim_1'
INFO: [SIM-utils-54] Inspecting design source files for 'TB_Decoder_3_to_8' in fileset 'sim_1'...
INFO: [USF-XSim-97] Finding global include files...
INFO: [USF-XSim-98] Fetching design files from 'sim_1'...
INFO: [USF-XSim-2] XSim::Compile design
INFO: [USF-XSim-61] Executing 'COMPILE and ANALYZE' step in 'D:/Academic/Computer Organization and Digital Design/Labs/Lab 4/Lab 4.sim/sim_1/behav/xsim'
"xvhdl --incr --relax -prj TB_Decoder_3_to_8_vhdl.prj"
INFO: [VRFC 10-163] Analyzing VHDL file "D:/Academic/Computer Organization and Digital Design/Labs/Lab 4/Lab 4.srcs/sources_1/new/Decoder_3_to_8.vhd" into library xil_defaultlib
INFO: [VRFC 10-307] analyzing entity Decoder_3_to_8
INFO: [USF-XSim-69] 'compile' step finished in '1' seconds
INFO: [USF-XSim-3] XSim::Elaborate design
INFO: [USF-XSim-61] Executing 'ELABORATE' step in 'D:/Academic/Computer Organization and Digital Design/Labs/Lab 4/Lab 4.sim/sim_1/behav/xsim'
Vivado Simulator 2018.1
Copyright 1986-1999, 2001-2017 Xilinx, Inc. All Rights Reserved.
Running: C:/Xilinx/Vivado/2018.1/bin/unwrapped/win64.o/xelab.exe -wto d721c5f40bd144829b3b803a2d6889b3 --incr --debug typical --relax --mt 2 -L xil_defaultlib -L secureip --snapshot TB_Decoder_3_to_8_behav xil_defaultlib.TB_Decoder_3_to_8 -log elaborate.log 
Using 2 slave threads.
Starting static elaboration
Completed static elaboration
Starting simulation data flow analysis
Completed simulation data flow analysis
Time Resolution for simulation is 1ps
Compiling package std.standard
Compiling package std.textio
Compiling package ieee.std_logic_1164
Compiling architecture behavioral of entity xil_defaultlib.Decoder_2_to_4 [decoder_2_to_4_default]
Compiling architecture behavioral of entity xil_defaultlib.Decoder_3_to_8 [decoder_3_to_8_default]
Compiling architecture behavioral of entity xil_defaultlib.tb_decoder_3_to_8
Built simulation snapshot TB_Decoder_3_to_8_behav
INFO: [USF-XSim-69] 'elaborate' step finished in '3' seconds
INFO: [USF-XSim-4] XSim::Simulate design
INFO: [USF-XSim-61] Executing 'SIMULATE' step in 'D:/Academic/Computer Organization and Digital Design/Labs/Lab 4/Lab 4.sim/sim_1/behav/xsim'
INFO: [USF-XSim-98] *** Running xsim
   with args "TB_Decoder_3_to_8_behav -key {Behavioral:sim_1:Functional:TB_Decoder_3_to_8} -tclbatch {TB_Decoder_3_to_8.tcl} -log {simulate.log}"
INFO: [USF-XSim-8] Loading simulator feature
Vivado Simulator 2018.1
Time resolution is 1 ps
source TB_Decoder_3_to_8.tcl
# set curr_wave [current_wave_config]
# if { [string length $curr_wave] == 0 } {
#   if { [llength [get_objects]] > 0} {
#     add_wave /
#     set_property needs_save false [current_wave_config]
#   } else {
#      send_msg_id Add_Wave-1 WARNING "No top level signals found. Simulator will start without a wave window. If you want to open a wave window go to 'File->New Waveform Configuration' or type 'create_wave_config' in the TCL console."
#   }
# }
# run 1000ns
INFO: [USF-XSim-96] XSim completed. Design snapshot 'TB_Decoder_3_to_8_behav' loaded.
INFO: [USF-XSim-97] XSim simulation ran for 1000ns
launch_simulation: Time (s): cpu = 00:00:02 ; elapsed = 00:00:05 . Memory (MB): peak = 904.355 ; gain = 0.000
close_sim
INFO: [Simtcl 6-16] Simulation closed
launch_simulation
INFO: [Vivado 12-5682] Launching behavioral simulation in 'D:/Academic/Computer Organization and Digital Design/Labs/Lab 4/Lab 4.sim/sim_1/behav/xsim'
INFO: [SIM-utils-51] Simulation object is 'sim_1'
INFO: [SIM-utils-54] Inspecting design source files for 'TB_Decoder_3_to_8' in fileset 'sim_1'...
INFO: [USF-XSim-97] Finding global include files...
INFO: [USF-XSim-98] Fetching design files from 'sim_1'...
INFO: [USF-XSim-2] XSim::Compile design
INFO: [USF-XSim-61] Executing 'COMPILE and ANALYZE' step in 'D:/Academic/Computer Organization and Digital Design/Labs/Lab 4/Lab 4.sim/sim_1/behav/xsim'
"xvhdl --incr --relax -prj TB_Decoder_3_to_8_vhdl.prj"
INFO: [USF-XSim-69] 'compile' step finished in '1' seconds
INFO: [USF-XSim-3] XSim::Elaborate design
INFO: [USF-XSim-61] Executing 'ELABORATE' step in 'D:/Academic/Computer Organization and Digital Design/Labs/Lab 4/Lab 4.sim/sim_1/behav/xsim'
Vivado Simulator 2018.1
Copyright 1986-1999, 2001-2017 Xilinx, Inc. All Rights Reserved.
Running: C:/Xilinx/Vivado/2018.1/bin/unwrapped/win64.o/xelab.exe -wto d721c5f40bd144829b3b803a2d6889b3 --incr --debug typical --relax --mt 2 -L xil_defaultlib -L secureip --snapshot TB_Decoder_3_to_8_behav xil_defaultlib.TB_Decoder_3_to_8 -log elaborate.log 
Using 2 slave threads.
Starting static elaboration
Completed static elaboration
INFO: [XSIM 43-4323] No Change in HDL. Linking previously generated obj files to create kernel
INFO: [USF-XSim-69] 'elaborate' step finished in '2' seconds
INFO: [USF-XSim-4] XSim::Simulate design
INFO: [USF-XSim-61] Executing 'SIMULATE' step in 'D:/Academic/Computer Organization and Digital Design/Labs/Lab 4/Lab 4.sim/sim_1/behav/xsim'
INFO: [USF-XSim-98] *** Running xsim
   with args "TB_Decoder_3_to_8_behav -key {Behavioral:sim_1:Functional:TB_Decoder_3_to_8} -tclbatch {TB_Decoder_3_to_8.tcl} -log {simulate.log}"
INFO: [USF-XSim-8] Loading simulator feature
Vivado Simulator 2018.1
Time resolution is 1 ps
source TB_Decoder_3_to_8.tcl
# set curr_wave [current_wave_config]
# if { [string length $curr_wave] == 0 } {
#   if { [llength [get_objects]] > 0} {
#     add_wave /
#     set_property needs_save false [current_wave_config]
#   } else {
#      send_msg_id Add_Wave-1 WARNING "No top level signals found. Simulator will start without a wave window. If you want to open a wave window go to 'File->New Waveform Configuration' or type 'create_wave_config' in the TCL console."
#   }
# }
# run 1000ns
INFO: [USF-XSim-96] XSim completed. Design snapshot 'TB_Decoder_3_to_8_behav' loaded.
INFO: [USF-XSim-97] XSim simulation ran for 1000ns
close_sim
INFO: [Simtcl 6-16] Simulation closed
launch_simulation
INFO: [Vivado 12-5682] Launching behavioral simulation in 'D:/Academic/Computer Organization and Digital Design/Labs/Lab 4/Lab 4.sim/sim_1/behav/xsim'
INFO: [SIM-utils-51] Simulation object is 'sim_1'
INFO: [SIM-utils-54] Inspecting design source files for 'TB_Decoder_3_to_8' in fileset 'sim_1'...
INFO: [USF-XSim-97] Finding global include files...
INFO: [USF-XSim-98] Fetching design files from 'sim_1'...
INFO: [USF-XSim-2] XSim::Compile design
INFO: [USF-XSim-61] Executing 'COMPILE and ANALYZE' step in 'D:/Academic/Computer Organization and Digital Design/Labs/Lab 4/Lab 4.sim/sim_1/behav/xsim'
"xvhdl --incr --relax -prj TB_Decoder_3_to_8_vhdl.prj"
INFO: [VRFC 10-163] Analyzing VHDL file "D:/Academic/Computer Organization and Digital Design/Labs/Lab 4/Lab 4.srcs/sim_1/new/TB_Decoder_3_to_8.vhd" into library xil_defaultlib
INFO: [VRFC 10-307] analyzing entity TB_Decoder_3_to_8
INFO: [USF-XSim-69] 'compile' step finished in '1' seconds
INFO: [USF-XSim-3] XSim::Elaborate design
INFO: [USF-XSim-61] Executing 'ELABORATE' step in 'D:/Academic/Computer Organization and Digital Design/Labs/Lab 4/Lab 4.sim/sim_1/behav/xsim'
Vivado Simulator 2018.1
Copyright 1986-1999, 2001-2017 Xilinx, Inc. All Rights Reserved.
Running: C:/Xilinx/Vivado/2018.1/bin/unwrapped/win64.o/xelab.exe -wto d721c5f40bd144829b3b803a2d6889b3 --incr --debug typical --relax --mt 2 -L xil_defaultlib -L secureip --snapshot TB_Decoder_3_to_8_behav xil_defaultlib.TB_Decoder_3_to_8 -log elaborate.log 
Using 2 slave threads.
Starting static elaboration
Completed static elaboration
Starting simulation data flow analysis
Completed simulation data flow analysis
Time Resolution for simulation is 1ps
Compiling package std.standard
Compiling package std.textio
Compiling package ieee.std_logic_1164
Compiling architecture behavioral of entity xil_defaultlib.Decoder_2_to_4 [decoder_2_to_4_default]
Compiling architecture behavioral of entity xil_defaultlib.Decoder_3_to_8 [decoder_3_to_8_default]
Compiling architecture behavioral of entity xil_defaultlib.tb_decoder_3_to_8
Built simulation snapshot TB_Decoder_3_to_8_behav

****** Webtalk v2018.1 (64-bit)
  **** SW Build 2188600 on Wed Apr  4 18:40:38 MDT 2018
  **** IP Build 2185939 on Wed Apr  4 20:55:05 MDT 2018
    ** Copyright 1986-2018 Xilinx, Inc. All Rights Reserved.

source D:/Academic/Computer -notrace
couldn't read file "D:/Academic/Computer": permission denied
INFO: [Common 17-206] Exiting Webtalk at Sun Mar 26 00:47:27 2023...
INFO: [USF-XSim-69] 'elaborate' step finished in '3' seconds
INFO: [USF-XSim-4] XSim::Simulate design
INFO: [USF-XSim-61] Executing 'SIMULATE' step in 'D:/Academic/Computer Organization and Digital Design/Labs/Lab 4/Lab 4.sim/sim_1/behav/xsim'
INFO: [USF-XSim-98] *** Running xsim
   with args "TB_Decoder_3_to_8_behav -key {Behavioral:sim_1:Functional:TB_Decoder_3_to_8} -tclbatch {TB_Decoder_3_to_8.tcl} -log {simulate.log}"
INFO: [USF-XSim-8] Loading simulator feature
Vivado Simulator 2018.1
Time resolution is 1 ps
source TB_Decoder_3_to_8.tcl
# set curr_wave [current_wave_config]
# if { [string length $curr_wave] == 0 } {
#   if { [llength [get_objects]] > 0} {
#     add_wave /
#     set_property needs_save false [current_wave_config]
#   } else {
#      send_msg_id Add_Wave-1 WARNING "No top level signals found. Simulator will start without a wave window. If you want to open a wave window go to 'File->New Waveform Configuration' or type 'create_wave_config' in the TCL console."
#   }
# }
# run 1000ns
INFO: [USF-XSim-96] XSim completed. Design snapshot 'TB_Decoder_3_to_8_behav' loaded.
INFO: [USF-XSim-97] XSim simulation ran for 1000ns
launch_simulation: Time (s): cpu = 00:00:01 ; elapsed = 00:00:06 . Memory (MB): peak = 910.234 ; gain = 1.914
synth_design -rtl -name rtl_1
Command: synth_design -rtl -name rtl_1
Starting synth_design
Using part: xc7a35tcpg236-1
Top: Decoder_3_to_8
---------------------------------------------------------------------------------
Starting RTL Elaboration : Time (s): cpu = 00:00:04 ; elapsed = 00:00:05 . Memory (MB): peak = 1032.363 ; gain = 107.742
---------------------------------------------------------------------------------
INFO: [Synth 8-638] synthesizing module 'Decoder_3_to_8' [D:/Academic/Computer Organization and Digital Design/Labs/Lab 4/Lab 4.srcs/sources_1/new/Decoder_3_to_8.vhd:40]
INFO: [Synth 8-3491] module 'Decoder_2_to_4' declared at 'D:/Academic/Computer Organization and Digital Design/Labs/Lab 4/Lab 4.srcs/sources_1/new/Decoder_2_to_4.vhd:34' bound to instance 'Decoder_2_to_4_0' of component 'Decoder_2_to_4' [D:/Academic/Computer Organization and Digital Design/Labs/Lab 4/Lab 4.srcs/sources_1/new/Decoder_3_to_8.vhd:51]
INFO: [Synth 8-638] synthesizing module 'Decoder_2_to_4' [D:/Academic/Computer Organization and Digital Design/Labs/Lab 4/Lab 4.srcs/sources_1/new/Decoder_2_to_4.vhd:40]
INFO: [Synth 8-256] done synthesizing module 'Decoder_2_to_4' (1#1) [D:/Academic/Computer Organization and Digital Design/Labs/Lab 4/Lab 4.srcs/sources_1/new/Decoder_2_to_4.vhd:40]
INFO: [Synth 8-3491] module 'Decoder_2_to_4' declared at 'D:/Academic/Computer Organization and Digital Design/Labs/Lab 4/Lab 4.srcs/sources_1/new/Decoder_2_to_4.vhd:34' bound to instance 'Decoder_2_to_4_1' of component 'Decoder_2_to_4' [D:/Academic/Computer Organization and Digital Design/Labs/Lab 4/Lab 4.srcs/sources_1/new/Decoder_3_to_8.vhd:56]
INFO: [Synth 8-256] done synthesizing module 'Decoder_3_to_8' (2#1) [D:/Academic/Computer Organization and Digital Design/Labs/Lab 4/Lab 4.srcs/sources_1/new/Decoder_3_to_8.vhd:40]
---------------------------------------------------------------------------------
Finished RTL Elaboration : Time (s): cpu = 00:00:05 ; elapsed = 00:00:07 . Memory (MB): peak = 1086.699 ; gain = 162.078
---------------------------------------------------------------------------------

Report Check Netlist: 
+------+------------------+-------+---------+-------+------------------+
|      |Item              |Errors |Warnings |Status |Description       |
+------+------------------+-------+---------+-------+------------------+
|1     |multi_driven_nets |      0|        0|Passed |Multi driven nets |
+------+------------------+-------+---------+-------+------------------+
---------------------------------------------------------------------------------
Start Handling Custom Attributes
---------------------------------------------------------------------------------
---------------------------------------------------------------------------------
Finished Handling Custom Attributes : Time (s): cpu = 00:00:05 ; elapsed = 00:00:07 . Memory (MB): peak = 1086.699 ; gain = 162.078
---------------------------------------------------------------------------------
---------------------------------------------------------------------------------
Finished RTL Optimization Phase 1 : Time (s): cpu = 00:00:05 ; elapsed = 00:00:07 . Memory (MB): peak = 1086.699 ; gain = 162.078
---------------------------------------------------------------------------------
INFO: [Device 21-403] Loading part xc7a35tcpg236-1
INFO: [Project 1-570] Preparing netlist for logic optimization

Processing XDC Constraints
Initializing timing engine
Completed Processing XDC Constraints

INFO: [Opt 31-138] Pushed 0 inverter(s) to 0 load pin(s).
INFO: [Project 1-111] Unisim Transformation Summary:
No Unisim elements were transformed.

RTL Elaboration Complete:  : Time (s): cpu = 00:00:17 ; elapsed = 00:00:17 . Memory (MB): peak = 1408.895 ; gain = 484.273
10 Infos, 0 Warnings, 0 Critical Warnings and 0 Errors encountered.
synth_design completed successfully
synth_design: Time (s): cpu = 00:00:17 ; elapsed = 00:00:17 . Memory (MB): peak = 1408.895 ; gain = 484.273
close [ open {D:/Academic/Computer Organization and Digital Design/Labs/Lab 4/Lab 4.srcs/sources_1/new/Mux_8_to_1.vhd} w ]
add_files {{D:/Academic/Computer Organization and Digital Design/Labs/Lab 4/Lab 4.srcs/sources_1/new/Mux_8_to_1.vhd}}
update_compile_order -fileset sources_1
update_compile_order -fileset sources_1
set_property SOURCE_SET sources_1 [get_filesets sim_1]
close [ open {D:/Academic/Computer Organization and Digital Design/Labs/Lab 4/Lab 4.srcs/sim_1/new/TB_Mux_8_to_1.vhd} w ]
add_files -fileset sim_1 {{D:/Academic/Computer Organization and Digital Design/Labs/Lab 4/Lab 4.srcs/sim_1/new/TB_Mux_8_to_1.vhd}}
update_compile_order -fileset sim_1
export_ip_user_files -of_objects  [get_files {{D:/Academic/Computer Organization and Digital Design/Labs/Lab 4/Lab 4.srcs/sim_1/new/TB_Mux_8_to_1.vhd}}] -no_script -reset -force -quiet
remove_files  -fileset sim_1 {{D:/Academic/Computer Organization and Digital Design/Labs/Lab 4/Lab 4.srcs/sim_1/new/TB_Mux_8_to_1.vhd}}
refresh_design
---------------------------------------------------------------------------------
Starting RTL Elaboration : Time (s): cpu = 00:00:04 ; elapsed = 00:00:05 . Memory (MB): peak = 1546.953 ; gain = 5.703
---------------------------------------------------------------------------------
INFO: [Synth 8-638] synthesizing module 'Mux_8_to_1' [D:/Academic/Computer Organization and Digital Design/Labs/Lab 4/Lab 4.srcs/sources_1/new/Mux_8_to_1.vhd:41]
INFO: [Synth 8-3491] module 'Decoder_3_to_8' declared at 'D:/Academic/Computer Organization and Digital Design/Labs/Lab 4/Lab 4.srcs/sources_1/new/Decoder_3_to_8.vhd:34' bound to instance 'Decoder_3_to_8_0' of component 'Decoder_3_to_8' [D:/Academic/Computer Organization and Digital Design/Labs/Lab 4/Lab 4.srcs/sources_1/new/Mux_8_to_1.vhd:52]
INFO: [Synth 8-638] synthesizing module 'Decoder_3_to_8' [D:/Academic/Computer Organization and Digital Design/Labs/Lab 4/Lab 4.srcs/sources_1/new/Decoder_3_to_8.vhd:40]
INFO: [Synth 8-3491] module 'Decoder_2_to_4' declared at 'D:/Academic/Computer Organization and Digital Design/Labs/Lab 4/Lab 4.srcs/sources_1/new/Decoder_2_to_4.vhd:34' bound to instance 'Decoder_2_to_4_0' of component 'Decoder_2_to_4' [D:/Academic/Computer Organization and Digital Design/Labs/Lab 4/Lab 4.srcs/sources_1/new/Decoder_3_to_8.vhd:51]
INFO: [Synth 8-638] synthesizing module 'Decoder_2_to_4' [D:/Academic/Computer Organization and Digital Design/Labs/Lab 4/Lab 4.srcs/sources_1/new/Decoder_2_to_4.vhd:40]
INFO: [Synth 8-256] done synthesizing module 'Decoder_2_to_4' (1#1) [D:/Academic/Computer Organization and Digital Design/Labs/Lab 4/Lab 4.srcs/sources_1/new/Decoder_2_to_4.vhd:40]
INFO: [Synth 8-3491] module 'Decoder_2_to_4' declared at 'D:/Academic/Computer Organization and Digital Design/Labs/Lab 4/Lab 4.srcs/sources_1/new/Decoder_2_to_4.vhd:34' bound to instance 'Decoder_2_to_4_1' of component 'Decoder_2_to_4' [D:/Academic/Computer Organization and Digital Design/Labs/Lab 4/Lab 4.srcs/sources_1/new/Decoder_3_to_8.vhd:56]
INFO: [Synth 8-256] done synthesizing module 'Decoder_3_to_8' (2#1) [D:/Academic/Computer Organization and Digital Design/Labs/Lab 4/Lab 4.srcs/sources_1/new/Decoder_3_to_8.vhd:40]
WARNING: [Synth 8-3848] Net I in module/entity Mux_8_to_1 does not have driver. [D:/Academic/Computer Organization and Digital Design/Labs/Lab 4/Lab 4.srcs/sources_1/new/Mux_8_to_1.vhd:48]
INFO: [Synth 8-256] done synthesizing module 'Mux_8_to_1' (3#1) [D:/Academic/Computer Organization and Digital Design/Labs/Lab 4/Lab 4.srcs/sources_1/new/Mux_8_to_1.vhd:41]
WARNING: [Synth 8-3331] design Mux_8_to_1 has unconnected port S[2]
WARNING: [Synth 8-3331] design Mux_8_to_1 has unconnected port S[1]
WARNING: [Synth 8-3331] design Mux_8_to_1 has unconnected port S[0]
---------------------------------------------------------------------------------
Finished RTL Elaboration : Time (s): cpu = 00:00:05 ; elapsed = 00:00:06 . Memory (MB): peak = 1587.812 ; gain = 46.562
---------------------------------------------------------------------------------

Report Check Netlist: 
+------+------------------+-------+---------+-------+------------------+
|      |Item              |Errors |Warnings |Status |Description       |
+------+------------------+-------+---------+-------+------------------+
|1     |multi_driven_nets |      0|        0|Passed |Multi driven nets |
+------+------------------+-------+---------+-------+------------------+
WARNING: [Synth 8-3295] tying undriven pin Decoder_3_to_8_0:I[2] to constant 0 [D:/Academic/Computer Organization and Digital Design/Labs/Lab 4/Lab 4.srcs/sources_1/new/Mux_8_to_1.vhd:52]
WARNING: [Synth 8-3295] tying undriven pin Decoder_3_to_8_0:I[1] to constant 0 [D:/Academic/Computer Organization and Digital Design/Labs/Lab 4/Lab 4.srcs/sources_1/new/Mux_8_to_1.vhd:52]
WARNING: [Synth 8-3295] tying undriven pin Decoder_3_to_8_0:I[0] to constant 0 [D:/Academic/Computer Organization and Digital Design/Labs/Lab 4/Lab 4.srcs/sources_1/new/Mux_8_to_1.vhd:52]
---------------------------------------------------------------------------------
Start Handling Custom Attributes
---------------------------------------------------------------------------------
---------------------------------------------------------------------------------
Finished Handling Custom Attributes : Time (s): cpu = 00:00:05 ; elapsed = 00:00:06 . Memory (MB): peak = 1587.812 ; gain = 46.562
---------------------------------------------------------------------------------
---------------------------------------------------------------------------------
Finished RTL Optimization Phase 1 : Time (s): cpu = 00:00:05 ; elapsed = 00:00:06 . Memory (MB): peak = 1587.812 ; gain = 46.562
---------------------------------------------------------------------------------
INFO: [Project 1-570] Preparing netlist for logic optimization

Processing XDC Constraints
Initializing timing engine
Completed Processing XDC Constraints

INFO: [Opt 31-138] Pushed 0 inverter(s) to 0 load pin(s).
refresh_design: Time (s): cpu = 00:00:13 ; elapsed = 00:00:11 . Memory (MB): peak = 1594.234 ; gain = 52.984
set_property SOURCE_SET sources_1 [get_filesets sim_1]
close [ open {D:/Academic/Computer Organization and Digital Design/Labs/Lab 4/Lab 4.srcs/sim_1/new/TB_Mux_8_to_1.vhd} w ]
add_files -fileset sim_1 {{D:/Academic/Computer Organization and Digital Design/Labs/Lab 4/Lab 4.srcs/sim_1/new/TB_Mux_8_to_1.vhd}}
update_compile_order -fileset sim_1
set_property top TB_Mux_8_to_1 [get_filesets sim_1]
set_property top_lib xil_defaultlib [get_filesets sim_1]
update_compile_order -fileset sim_1
launch_simulation
INFO: [Vivado 12-5682] Launching behavioral simulation in 'D:/Academic/Computer Organization and Digital Design/Labs/Lab 4/Lab 4.sim/sim_1/behav/xsim'
INFO: [SIM-utils-51] Simulation object is 'sim_1'
INFO: [SIM-utils-54] Inspecting design source files for 'TB_Mux_8_to_1' in fileset 'sim_1'...
INFO: [USF-XSim-97] Finding global include files...
INFO: [USF-XSim-98] Fetching design files from 'sim_1'...
INFO: [USF-XSim-2] XSim::Compile design
INFO: [USF-XSim-61] Executing 'COMPILE and ANALYZE' step in 'D:/Academic/Computer Organization and Digital Design/Labs/Lab 4/Lab 4.sim/sim_1/behav/xsim'
"xvhdl --incr --relax -prj TB_Mux_8_to_1_vhdl.prj"
INFO: [VRFC 10-163] Analyzing VHDL file "D:/Academic/Computer Organization and Digital Design/Labs/Lab 4/Lab 4.srcs/sources_1/new/Mux_8_to_1.vhd" into library xil_defaultlib
INFO: [VRFC 10-307] analyzing entity Mux_8_to_1
INFO: [VRFC 10-163] Analyzing VHDL file "D:/Academic/Computer Organization and Digital Design/Labs/Lab 4/Lab 4.srcs/sim_1/new/TB_Mux_8_to_1.vhd" into library xil_defaultlib
INFO: [VRFC 10-307] analyzing entity TB_Mux_8_to_1
INFO: [USF-XSim-69] 'compile' step finished in '1' seconds
INFO: [USF-XSim-3] XSim::Elaborate design
INFO: [USF-XSim-61] Executing 'ELABORATE' step in 'D:/Academic/Computer Organization and Digital Design/Labs/Lab 4/Lab 4.sim/sim_1/behav/xsim'
Vivado Simulator 2018.1
Copyright 1986-1999, 2001-2017 Xilinx, Inc. All Rights Reserved.
Running: C:/Xilinx/Vivado/2018.1/bin/unwrapped/win64.o/xelab.exe -wto d721c5f40bd144829b3b803a2d6889b3 --incr --debug typical --relax --mt 2 -L xil_defaultlib -L secureip --snapshot TB_Mux_8_to_1_behav xil_defaultlib.TB_Mux_8_to_1 -log elaborate.log 
Using 2 slave threads.
Starting static elaboration
Completed static elaboration
Starting simulation data flow analysis
Completed simulation data flow analysis
Time Resolution for simulation is 1ps
Compiling package std.standard
Compiling package std.textio
Compiling package ieee.std_logic_1164
Compiling architecture behavioral of entity xil_defaultlib.Decoder_2_to_4 [decoder_2_to_4_default]
Compiling architecture behavioral of entity xil_defaultlib.Decoder_3_to_8 [decoder_3_to_8_default]
Compiling architecture behavioral of entity xil_defaultlib.Mux_8_to_1 [mux_8_to_1_default]
Compiling architecture behavioral of entity xil_defaultlib.tb_mux_8_to_1
Built simulation snapshot TB_Mux_8_to_1_behav

****** Webtalk v2018.1 (64-bit)
  **** SW Build 2188600 on Wed Apr  4 18:40:38 MDT 2018
  **** IP Build 2185939 on Wed Apr  4 20:55:05 MDT 2018
    ** Copyright 1986-2018 Xilinx, Inc. All Rights Reserved.

source D:/Academic/Computer -notrace
couldn't read file "D:/Academic/Computer": permission denied
INFO: [Common 17-206] Exiting Webtalk at Sun Mar 26 12:46:15 2023...
INFO: [USF-XSim-69] 'elaborate' step finished in '3' seconds
INFO: [USF-XSim-4] XSim::Simulate design
INFO: [USF-XSim-61] Executing 'SIMULATE' step in 'D:/Academic/Computer Organization and Digital Design/Labs/Lab 4/Lab 4.sim/sim_1/behav/xsim'
INFO: [USF-XSim-98] *** Running xsim
   with args "TB_Mux_8_to_1_behav -key {Behavioral:sim_1:Functional:TB_Mux_8_to_1} -tclbatch {TB_Mux_8_to_1.tcl} -log {simulate.log}"
INFO: [USF-XSim-8] Loading simulator feature
Vivado Simulator 2018.1
Time resolution is 1 ps
source TB_Mux_8_to_1.tcl
# set curr_wave [current_wave_config]
# if { [string length $curr_wave] == 0 } {
#   if { [llength [get_objects]] > 0} {
#     add_wave /
#     set_property needs_save false [current_wave_config]
#   } else {
#      send_msg_id Add_Wave-1 WARNING "No top level signals found. Simulator will start without a wave window. If you want to open a wave window go to 'File->New Waveform Configuration' or type 'create_wave_config' in the TCL console."
#   }
# }
# run 1000ns
INFO: [USF-XSim-96] XSim completed. Design snapshot 'TB_Mux_8_to_1_behav' loaded.
INFO: [USF-XSim-97] XSim simulation ran for 1000ns
launch_simulation: Time (s): cpu = 00:00:02 ; elapsed = 00:00:06 . Memory (MB): peak = 1594.234 ; gain = 0.000
close_sim
INFO: [Simtcl 6-16] Simulation closed
launch_simulation
INFO: [Vivado 12-5682] Launching behavioral simulation in 'D:/Academic/Computer Organization and Digital Design/Labs/Lab 4/Lab 4.sim/sim_1/behav/xsim'
INFO: [SIM-utils-51] Simulation object is 'sim_1'
INFO: [SIM-utils-54] Inspecting design source files for 'TB_Mux_8_to_1' in fileset 'sim_1'...
INFO: [USF-XSim-97] Finding global include files...
INFO: [USF-XSim-98] Fetching design files from 'sim_1'...
INFO: [USF-XSim-2] XSim::Compile design
INFO: [USF-XSim-61] Executing 'COMPILE and ANALYZE' step in 'D:/Academic/Computer Organization and Digital Design/Labs/Lab 4/Lab 4.sim/sim_1/behav/xsim'
"xvhdl --incr --relax -prj TB_Mux_8_to_1_vhdl.prj"
INFO: [VRFC 10-163] Analyzing VHDL file "D:/Academic/Computer Organization and Digital Design/Labs/Lab 4/Lab 4.srcs/sources_1/new/Mux_8_to_1.vhd" into library xil_defaultlib
INFO: [VRFC 10-307] analyzing entity Mux_8_to_1
INFO: [USF-XSim-69] 'compile' step finished in '1' seconds
INFO: [USF-XSim-3] XSim::Elaborate design
INFO: [USF-XSim-61] Executing 'ELABORATE' step in 'D:/Academic/Computer Organization and Digital Design/Labs/Lab 4/Lab 4.sim/sim_1/behav/xsim'
Vivado Simulator 2018.1
Copyright 1986-1999, 2001-2017 Xilinx, Inc. All Rights Reserved.
Running: C:/Xilinx/Vivado/2018.1/bin/unwrapped/win64.o/xelab.exe -wto d721c5f40bd144829b3b803a2d6889b3 --incr --debug typical --relax --mt 2 -L xil_defaultlib -L secureip --snapshot TB_Mux_8_to_1_behav xil_defaultlib.TB_Mux_8_to_1 -log elaborate.log 
Using 2 slave threads.
Starting static elaboration
ERROR: [VRFC 10-718] formal port <B> does not exist in entity <Decoder_3_to_8>.  Please compare the definition of block <Decoder_3_to_8> to its component declaration and its instantion to detect the mismatch. [D:/Academic/Computer Organization and Digital Design/Labs/Lab 4/Lab 4.srcs/sources_1/new/Mux_8_to_1.vhd:46]
ERROR: [XSIM 43-3321] Static elaboration of top level VHDL design unit tb_mux_8_to_1 in library work failed.
INFO: [USF-XSim-69] 'elaborate' step finished in '1' seconds
INFO: [USF-XSim-99] Step results log file:'D:/Academic/Computer Organization and Digital Design/Labs/Lab 4/Lab 4.sim/sim_1/behav/xsim/elaborate.log'
ERROR: [USF-XSim-62] 'elaborate' step failed with error(s). Please check the Tcl console output or 'D:/Academic/Computer Organization and Digital Design/Labs/Lab 4/Lab 4.sim/sim_1/behav/xsim/elaborate.log' file for more information.
ERROR: [Vivado 12-4473] Detected error while running simulation. Please correct the issue and retry this operation.
ERROR: [Common 17-39] 'launch_simulation' failed due to earlier errors.
launch_simulation
INFO: [Vivado 12-5682] Launching behavioral simulation in 'D:/Academic/Computer Organization and Digital Design/Labs/Lab 4/Lab 4.sim/sim_1/behav/xsim'
INFO: [SIM-utils-51] Simulation object is 'sim_1'
INFO: [SIM-utils-54] Inspecting design source files for 'TB_Mux_8_to_1' in fileset 'sim_1'...
INFO: [USF-XSim-97] Finding global include files...
INFO: [USF-XSim-98] Fetching design files from 'sim_1'...
INFO: [USF-XSim-2] XSim::Compile design
INFO: [USF-XSim-61] Executing 'COMPILE and ANALYZE' step in 'D:/Academic/Computer Organization and Digital Design/Labs/Lab 4/Lab 4.sim/sim_1/behav/xsim'
"xvhdl --incr --relax -prj TB_Mux_8_to_1_vhdl.prj"
INFO: [VRFC 10-163] Analyzing VHDL file "D:/Academic/Computer Organization and Digital Design/Labs/Lab 4/Lab 4.srcs/sources_1/new/Mux_8_to_1.vhd" into library xil_defaultlib
INFO: [VRFC 10-307] analyzing entity Mux_8_to_1
INFO: [USF-XSim-69] 'compile' step finished in '1' seconds
INFO: [USF-XSim-3] XSim::Elaborate design
INFO: [USF-XSim-61] Executing 'ELABORATE' step in 'D:/Academic/Computer Organization and Digital Design/Labs/Lab 4/Lab 4.sim/sim_1/behav/xsim'
Vivado Simulator 2018.1
Copyright 1986-1999, 2001-2017 Xilinx, Inc. All Rights Reserved.
Running: C:/Xilinx/Vivado/2018.1/bin/unwrapped/win64.o/xelab.exe -wto d721c5f40bd144829b3b803a2d6889b3 --incr --debug typical --relax --mt 2 -L xil_defaultlib -L secureip --snapshot TB_Mux_8_to_1_behav xil_defaultlib.TB_Mux_8_to_1 -log elaborate.log 
Using 2 slave threads.
Starting static elaboration
Completed static elaboration
Starting simulation data flow analysis
Completed simulation data flow analysis
Time Resolution for simulation is 1ps
Compiling package std.standard
Compiling package std.textio
Compiling package ieee.std_logic_1164
Compiling architecture behavioral of entity xil_defaultlib.Decoder_2_to_4 [decoder_2_to_4_default]
Compiling architecture behavioral of entity xil_defaultlib.Decoder_3_to_8 [decoder_3_to_8_default]
Compiling architecture behavioral of entity xil_defaultlib.Mux_8_to_1 [mux_8_to_1_default]
Compiling architecture behavioral of entity xil_defaultlib.tb_mux_8_to_1
Built simulation snapshot TB_Mux_8_to_1_behav
INFO: [USF-XSim-69] 'elaborate' step finished in '1' seconds
INFO: [USF-XSim-4] XSim::Simulate design
INFO: [USF-XSim-61] Executing 'SIMULATE' step in 'D:/Academic/Computer Organization and Digital Design/Labs/Lab 4/Lab 4.sim/sim_1/behav/xsim'
INFO: [USF-XSim-98] *** Running xsim
   with args "TB_Mux_8_to_1_behav -key {Behavioral:sim_1:Functional:TB_Mux_8_to_1} -tclbatch {TB_Mux_8_to_1.tcl} -log {simulate.log}"
INFO: [USF-XSim-8] Loading simulator feature
Vivado Simulator 2018.1
Time resolution is 1 ps
source TB_Mux_8_to_1.tcl
# set curr_wave [current_wave_config]
# if { [string length $curr_wave] == 0 } {
#   if { [llength [get_objects]] > 0} {
#     add_wave /
#     set_property needs_save false [current_wave_config]
#   } else {
#      send_msg_id Add_Wave-1 WARNING "No top level signals found. Simulator will start without a wave window. If you want to open a wave window go to 'File->New Waveform Configuration' or type 'create_wave_config' in the TCL console."
#   }
# }
# run 1000ns
INFO: [USF-XSim-96] XSim completed. Design snapshot 'TB_Mux_8_to_1_behav' loaded.
INFO: [USF-XSim-97] XSim simulation ran for 1000ns
close_sim
INFO: [Simtcl 6-16] Simulation closed
launch_simulation
INFO: [Vivado 12-5682] Launching behavioral simulation in 'D:/Academic/Computer Organization and Digital Design/Labs/Lab 4/Lab 4.sim/sim_1/behav/xsim'
INFO: [SIM-utils-51] Simulation object is 'sim_1'
INFO: [SIM-utils-54] Inspecting design source files for 'TB_Mux_8_to_1' in fileset 'sim_1'...
INFO: [USF-XSim-97] Finding global include files...
INFO: [USF-XSim-98] Fetching design files from 'sim_1'...
INFO: [USF-XSim-2] XSim::Compile design
INFO: [USF-XSim-61] Executing 'COMPILE and ANALYZE' step in 'D:/Academic/Computer Organization and Digital Design/Labs/Lab 4/Lab 4.sim/sim_1/behav/xsim'
"xvhdl --incr --relax -prj TB_Mux_8_to_1_vhdl.prj"
INFO: [VRFC 10-163] Analyzing VHDL file "D:/Academic/Computer Organization and Digital Design/Labs/Lab 4/Lab 4.srcs/sources_1/new/Mux_8_to_1.vhd" into library xil_defaultlib
INFO: [VRFC 10-307] analyzing entity Mux_8_to_1
INFO: [USF-XSim-69] 'compile' step finished in '1' seconds
INFO: [USF-XSim-3] XSim::Elaborate design
INFO: [USF-XSim-61] Executing 'ELABORATE' step in 'D:/Academic/Computer Organization and Digital Design/Labs/Lab 4/Lab 4.sim/sim_1/behav/xsim'
Vivado Simulator 2018.1
Copyright 1986-1999, 2001-2017 Xilinx, Inc. All Rights Reserved.
Running: C:/Xilinx/Vivado/2018.1/bin/unwrapped/win64.o/xelab.exe -wto d721c5f40bd144829b3b803a2d6889b3 --incr --debug typical --relax --mt 2 -L xil_defaultlib -L secureip --snapshot TB_Mux_8_to_1_behav xil_defaultlib.TB_Mux_8_to_1 -log elaborate.log 
Using 2 slave threads.
Starting static elaboration
Completed static elaboration
Starting simulation data flow analysis
Completed simulation data flow analysis
Time Resolution for simulation is 1ps
Compiling package std.standard
Compiling package std.textio
Compiling package ieee.std_logic_1164
Compiling architecture behavioral of entity xil_defaultlib.Decoder_2_to_4 [decoder_2_to_4_default]
Compiling architecture behavioral of entity xil_defaultlib.Decoder_3_to_8 [decoder_3_to_8_default]
Compiling architecture behavioral of entity xil_defaultlib.Mux_8_to_1 [mux_8_to_1_default]
Compiling architecture behavioral of entity xil_defaultlib.tb_mux_8_to_1
Built simulation snapshot TB_Mux_8_to_1_behav
INFO: [USF-XSim-69] 'elaborate' step finished in '1' seconds
INFO: [USF-XSim-4] XSim::Simulate design
INFO: [USF-XSim-61] Executing 'SIMULATE' step in 'D:/Academic/Computer Organization and Digital Design/Labs/Lab 4/Lab 4.sim/sim_1/behav/xsim'
INFO: [USF-XSim-98] *** Running xsim
   with args "TB_Mux_8_to_1_behav -key {Behavioral:sim_1:Functional:TB_Mux_8_to_1} -tclbatch {TB_Mux_8_to_1.tcl} -log {simulate.log}"
INFO: [USF-XSim-8] Loading simulator feature
Vivado Simulator 2018.1
Time resolution is 1 ps
source TB_Mux_8_to_1.tcl
# set curr_wave [current_wave_config]
# if { [string length $curr_wave] == 0 } {
#   if { [llength [get_objects]] > 0} {
#     add_wave /
#     set_property needs_save false [current_wave_config]
#   } else {
#      send_msg_id Add_Wave-1 WARNING "No top level signals found. Simulator will start without a wave window. If you want to open a wave window go to 'File->New Waveform Configuration' or type 'create_wave_config' in the TCL console."
#   }
# }
# run 1000ns
INFO: [USF-XSim-96] XSim completed. Design snapshot 'TB_Mux_8_to_1_behav' loaded.
INFO: [USF-XSim-97] XSim simulation ran for 1000ns
close_sim
INFO: [Simtcl 6-16] Simulation closed
launch_simulation
INFO: [Vivado 12-5682] Launching behavioral simulation in 'D:/Academic/Computer Organization and Digital Design/Labs/Lab 4/Lab 4.sim/sim_1/behav/xsim'
INFO: [SIM-utils-51] Simulation object is 'sim_1'
INFO: [SIM-utils-54] Inspecting design source files for 'TB_Mux_8_to_1' in fileset 'sim_1'...
INFO: [USF-XSim-97] Finding global include files...
INFO: [USF-XSim-98] Fetching design files from 'sim_1'...
INFO: [USF-XSim-2] XSim::Compile design
INFO: [USF-XSim-61] Executing 'COMPILE and ANALYZE' step in 'D:/Academic/Computer Organization and Digital Design/Labs/Lab 4/Lab 4.sim/sim_1/behav/xsim'
"xvhdl --incr --relax -prj TB_Mux_8_to_1_vhdl.prj"
INFO: [VRFC 10-163] Analyzing VHDL file "D:/Academic/Computer Organization and Digital Design/Labs/Lab 4/Lab 4.srcs/sources_1/new/Mux_8_to_1.vhd" into library xil_defaultlib
INFO: [VRFC 10-307] analyzing entity Mux_8_to_1
INFO: [VRFC 10-163] Analyzing VHDL file "D:/Academic/Computer Organization and Digital Design/Labs/Lab 4/Lab 4.srcs/sim_1/new/TB_Mux_8_to_1.vhd" into library xil_defaultlib
INFO: [VRFC 10-307] analyzing entity TB_Mux_8_to_1
INFO: [USF-XSim-69] 'compile' step finished in '1' seconds
INFO: [USF-XSim-3] XSim::Elaborate design
INFO: [USF-XSim-61] Executing 'ELABORATE' step in 'D:/Academic/Computer Organization and Digital Design/Labs/Lab 4/Lab 4.sim/sim_1/behav/xsim'
Vivado Simulator 2018.1
Copyright 1986-1999, 2001-2017 Xilinx, Inc. All Rights Reserved.
Running: C:/Xilinx/Vivado/2018.1/bin/unwrapped/win64.o/xelab.exe -wto d721c5f40bd144829b3b803a2d6889b3 --incr --debug typical --relax --mt 2 -L xil_defaultlib -L secureip --snapshot TB_Mux_8_to_1_behav xil_defaultlib.TB_Mux_8_to_1 -log elaborate.log 
Using 2 slave threads.
Starting static elaboration
Completed static elaboration
Starting simulation data flow analysis
Completed simulation data flow analysis
Time Resolution for simulation is 1ps
Compiling package std.standard
Compiling package std.textio
Compiling package ieee.std_logic_1164
Compiling architecture behavioral of entity xil_defaultlib.Decoder_2_to_4 [decoder_2_to_4_default]
Compiling architecture behavioral of entity xil_defaultlib.Decoder_3_to_8 [decoder_3_to_8_default]
Compiling architecture behavioral of entity xil_defaultlib.Mux_8_to_1 [mux_8_to_1_default]
Compiling architecture behavioral of entity xil_defaultlib.tb_mux_8_to_1
Built simulation snapshot TB_Mux_8_to_1_behav
INFO: [USF-XSim-69] 'elaborate' step finished in '1' seconds
INFO: [USF-XSim-4] XSim::Simulate design
INFO: [USF-XSim-61] Executing 'SIMULATE' step in 'D:/Academic/Computer Organization and Digital Design/Labs/Lab 4/Lab 4.sim/sim_1/behav/xsim'
INFO: [USF-XSim-98] *** Running xsim
   with args "TB_Mux_8_to_1_behav -key {Behavioral:sim_1:Functional:TB_Mux_8_to_1} -tclbatch {TB_Mux_8_to_1.tcl} -log {simulate.log}"
INFO: [USF-XSim-8] Loading simulator feature
Vivado Simulator 2018.1
Time resolution is 1 ps
source TB_Mux_8_to_1.tcl
# set curr_wave [current_wave_config]
# if { [string length $curr_wave] == 0 } {
#   if { [llength [get_objects]] > 0} {
#     add_wave /
#     set_property needs_save false [current_wave_config]
#   } else {
#      send_msg_id Add_Wave-1 WARNING "No top level signals found. Simulator will start without a wave window. If you want to open a wave window go to 'File->New Waveform Configuration' or type 'create_wave_config' in the TCL console."
#   }
# }
# run 1000ns
INFO: [USF-XSim-96] XSim completed. Design snapshot 'TB_Mux_8_to_1_behav' loaded.
INFO: [USF-XSim-97] XSim simulation ran for 1000ns
add_bp {D:/Academic/Computer Organization and Digital Design/Labs/Lab 4/Lab 4.srcs/sim_1/new/TB_Mux_8_to_1.vhd} 93
remove_bps -file {D:/Academic/Computer Organization and Digital Design/Labs/Lab 4/Lab 4.srcs/sim_1/new/TB_Mux_8_to_1.vhd} -line 93
close_sim
INFO: [Simtcl 6-16] Simulation closed
launch_simulation
INFO: [Vivado 12-5682] Launching behavioral simulation in 'D:/Academic/Computer Organization and Digital Design/Labs/Lab 4/Lab 4.sim/sim_1/behav/xsim'
INFO: [SIM-utils-51] Simulation object is 'sim_1'
INFO: [SIM-utils-54] Inspecting design source files for 'TB_Mux_8_to_1' in fileset 'sim_1'...
INFO: [USF-XSim-97] Finding global include files...
INFO: [USF-XSim-98] Fetching design files from 'sim_1'...
INFO: [USF-XSim-2] XSim::Compile design
INFO: [USF-XSim-61] Executing 'COMPILE and ANALYZE' step in 'D:/Academic/Computer Organization and Digital Design/Labs/Lab 4/Lab 4.sim/sim_1/behav/xsim'
"xvhdl --incr --relax -prj TB_Mux_8_to_1_vhdl.prj"
INFO: [VRFC 10-163] Analyzing VHDL file "D:/Academic/Computer Organization and Digital Design/Labs/Lab 4/Lab 4.srcs/sim_1/new/TB_Mux_8_to_1.vhd" into library xil_defaultlib
INFO: [VRFC 10-307] analyzing entity TB_Mux_8_to_1
INFO: [USF-XSim-69] 'compile' step finished in '1' seconds
INFO: [USF-XSim-3] XSim::Elaborate design
INFO: [USF-XSim-61] Executing 'ELABORATE' step in 'D:/Academic/Computer Organization and Digital Design/Labs/Lab 4/Lab 4.sim/sim_1/behav/xsim'
Vivado Simulator 2018.1
Copyright 1986-1999, 2001-2017 Xilinx, Inc. All Rights Reserved.
Running: C:/Xilinx/Vivado/2018.1/bin/unwrapped/win64.o/xelab.exe -wto d721c5f40bd144829b3b803a2d6889b3 --incr --debug typical --relax --mt 2 -L xil_defaultlib -L secureip --snapshot TB_Mux_8_to_1_behav xil_defaultlib.TB_Mux_8_to_1 -log elaborate.log 
Using 2 slave threads.
Starting static elaboration
Completed static elaboration
Starting simulation data flow analysis
Completed simulation data flow analysis
Time Resolution for simulation is 1ps
Compiling package std.standard
Compiling package std.textio
Compiling package ieee.std_logic_1164
Compiling architecture behavioral of entity xil_defaultlib.Decoder_2_to_4 [decoder_2_to_4_default]
Compiling architecture behavioral of entity xil_defaultlib.Decoder_3_to_8 [decoder_3_to_8_default]
Compiling architecture behavioral of entity xil_defaultlib.Mux_8_to_1 [mux_8_to_1_default]
Compiling architecture behavioral of entity xil_defaultlib.tb_mux_8_to_1
Built simulation snapshot TB_Mux_8_to_1_behav
INFO: [USF-XSim-69] 'elaborate' step finished in '2' seconds
INFO: [USF-XSim-4] XSim::Simulate design
INFO: [USF-XSim-61] Executing 'SIMULATE' step in 'D:/Academic/Computer Organization and Digital Design/Labs/Lab 4/Lab 4.sim/sim_1/behav/xsim'
INFO: [USF-XSim-98] *** Running xsim
   with args "TB_Mux_8_to_1_behav -key {Behavioral:sim_1:Functional:TB_Mux_8_to_1} -tclbatch {TB_Mux_8_to_1.tcl} -log {simulate.log}"
INFO: [USF-XSim-8] Loading simulator feature
Vivado Simulator 2018.1
Time resolution is 1 ps
source TB_Mux_8_to_1.tcl
# set curr_wave [current_wave_config]
# if { [string length $curr_wave] == 0 } {
#   if { [llength [get_objects]] > 0} {
#     add_wave /
#     set_property needs_save false [current_wave_config]
#   } else {
#      send_msg_id Add_Wave-1 WARNING "No top level signals found. Simulator will start without a wave window. If you want to open a wave window go to 'File->New Waveform Configuration' or type 'create_wave_config' in the TCL console."
#   }
# }
# run 1000ns
INFO: [USF-XSim-96] XSim completed. Design snapshot 'TB_Mux_8_to_1_behav' loaded.
INFO: [USF-XSim-97] XSim simulation ran for 1000ns
close_sim
INFO: [Simtcl 6-16] Simulation closed
launch_simulation
INFO: [Vivado 12-5682] Launching behavioral simulation in 'D:/Academic/Computer Organization and Digital Design/Labs/Lab 4/Lab 4.sim/sim_1/behav/xsim'
INFO: [SIM-utils-51] Simulation object is 'sim_1'
INFO: [SIM-utils-54] Inspecting design source files for 'TB_Mux_8_to_1' in fileset 'sim_1'...
INFO: [USF-XSim-97] Finding global include files...
INFO: [USF-XSim-98] Fetching design files from 'sim_1'...
INFO: [USF-XSim-2] XSim::Compile design
INFO: [USF-XSim-61] Executing 'COMPILE and ANALYZE' step in 'D:/Academic/Computer Organization and Digital Design/Labs/Lab 4/Lab 4.sim/sim_1/behav/xsim'
"xvhdl --incr --relax -prj TB_Mux_8_to_1_vhdl.prj"
INFO: [VRFC 10-163] Analyzing VHDL file "D:/Academic/Computer Organization and Digital Design/Labs/Lab 4/Lab 4.srcs/sim_1/new/TB_Mux_8_to_1.vhd" into library xil_defaultlib
INFO: [VRFC 10-307] analyzing entity TB_Mux_8_to_1
INFO: [USF-XSim-69] 'compile' step finished in '1' seconds
INFO: [USF-XSim-3] XSim::Elaborate design
INFO: [USF-XSim-61] Executing 'ELABORATE' step in 'D:/Academic/Computer Organization and Digital Design/Labs/Lab 4/Lab 4.sim/sim_1/behav/xsim'
Vivado Simulator 2018.1
Copyright 1986-1999, 2001-2017 Xilinx, Inc. All Rights Reserved.
Running: C:/Xilinx/Vivado/2018.1/bin/unwrapped/win64.o/xelab.exe -wto d721c5f40bd144829b3b803a2d6889b3 --incr --debug typical --relax --mt 2 -L xil_defaultlib -L secureip --snapshot TB_Mux_8_to_1_behav xil_defaultlib.TB_Mux_8_to_1 -log elaborate.log 
Using 2 slave threads.
Starting static elaboration
Completed static elaboration
Starting simulation data flow analysis
Completed simulation data flow analysis
Time Resolution for simulation is 1ps
Compiling package std.standard
Compiling package std.textio
Compiling package ieee.std_logic_1164
Compiling architecture behavioral of entity xil_defaultlib.Decoder_2_to_4 [decoder_2_to_4_default]
Compiling architecture behavioral of entity xil_defaultlib.Decoder_3_to_8 [decoder_3_to_8_default]
Compiling architecture behavioral of entity xil_defaultlib.Mux_8_to_1 [mux_8_to_1_default]
Compiling architecture behavioral of entity xil_defaultlib.tb_mux_8_to_1
Built simulation snapshot TB_Mux_8_to_1_behav
INFO: [USF-XSim-69] 'elaborate' step finished in '1' seconds
INFO: [USF-XSim-4] XSim::Simulate design
INFO: [USF-XSim-61] Executing 'SIMULATE' step in 'D:/Academic/Computer Organization and Digital Design/Labs/Lab 4/Lab 4.sim/sim_1/behav/xsim'
INFO: [USF-XSim-98] *** Running xsim
   with args "TB_Mux_8_to_1_behav -key {Behavioral:sim_1:Functional:TB_Mux_8_to_1} -tclbatch {TB_Mux_8_to_1.tcl} -log {simulate.log}"
INFO: [USF-XSim-8] Loading simulator feature
Vivado Simulator 2018.1
Time resolution is 1 ps
source TB_Mux_8_to_1.tcl
# set curr_wave [current_wave_config]
# if { [string length $curr_wave] == 0 } {
#   if { [llength [get_objects]] > 0} {
#     add_wave /
#     set_property needs_save false [current_wave_config]
#   } else {
#      send_msg_id Add_Wave-1 WARNING "No top level signals found. Simulator will start without a wave window. If you want to open a wave window go to 'File->New Waveform Configuration' or type 'create_wave_config' in the TCL console."
#   }
# }
# run 1000ns
INFO: [USF-XSim-96] XSim completed. Design snapshot 'TB_Mux_8_to_1_behav' loaded.
INFO: [USF-XSim-97] XSim simulation ran for 1000ns
close_sim
INFO: [Simtcl 6-16] Simulation closed
launch_simulation
INFO: [Vivado 12-5682] Launching behavioral simulation in 'D:/Academic/Computer Organization and Digital Design/Labs/Lab 4/Lab 4.sim/sim_1/behav/xsim'
INFO: [SIM-utils-51] Simulation object is 'sim_1'
INFO: [SIM-utils-54] Inspecting design source files for 'TB_Mux_8_to_1' in fileset 'sim_1'...
INFO: [USF-XSim-97] Finding global include files...
INFO: [USF-XSim-98] Fetching design files from 'sim_1'...
INFO: [USF-XSim-2] XSim::Compile design
INFO: [USF-XSim-61] Executing 'COMPILE and ANALYZE' step in 'D:/Academic/Computer Organization and Digital Design/Labs/Lab 4/Lab 4.sim/sim_1/behav/xsim'
"xvhdl --incr --relax -prj TB_Mux_8_to_1_vhdl.prj"
INFO: [VRFC 10-163] Analyzing VHDL file "D:/Academic/Computer Organization and Digital Design/Labs/Lab 4/Lab 4.srcs/sim_1/new/TB_Mux_8_to_1.vhd" into library xil_defaultlib
INFO: [VRFC 10-307] analyzing entity TB_Mux_8_to_1
INFO: [USF-XSim-69] 'compile' step finished in '1' seconds
INFO: [USF-XSim-3] XSim::Elaborate design
INFO: [USF-XSim-61] Executing 'ELABORATE' step in 'D:/Academic/Computer Organization and Digital Design/Labs/Lab 4/Lab 4.sim/sim_1/behav/xsim'
Vivado Simulator 2018.1
Copyright 1986-1999, 2001-2017 Xilinx, Inc. All Rights Reserved.
Running: C:/Xilinx/Vivado/2018.1/bin/unwrapped/win64.o/xelab.exe -wto d721c5f40bd144829b3b803a2d6889b3 --incr --debug typical --relax --mt 2 -L xil_defaultlib -L secureip --snapshot TB_Mux_8_to_1_behav xil_defaultlib.TB_Mux_8_to_1 -log elaborate.log 
Using 2 slave threads.
Starting static elaboration
Completed static elaboration
Starting simulation data flow analysis
Completed simulation data flow analysis
Time Resolution for simulation is 1ps
Compiling package std.standard
Compiling package std.textio
Compiling package ieee.std_logic_1164
Compiling architecture behavioral of entity xil_defaultlib.Decoder_2_to_4 [decoder_2_to_4_default]
Compiling architecture behavioral of entity xil_defaultlib.Decoder_3_to_8 [decoder_3_to_8_default]
Compiling architecture behavioral of entity xil_defaultlib.Mux_8_to_1 [mux_8_to_1_default]
Compiling architecture behavioral of entity xil_defaultlib.tb_mux_8_to_1
Built simulation snapshot TB_Mux_8_to_1_behav
INFO: [USF-XSim-69] 'elaborate' step finished in '1' seconds
INFO: [USF-XSim-4] XSim::Simulate design
INFO: [USF-XSim-61] Executing 'SIMULATE' step in 'D:/Academic/Computer Organization and Digital Design/Labs/Lab 4/Lab 4.sim/sim_1/behav/xsim'
INFO: [USF-XSim-98] *** Running xsim
   with args "TB_Mux_8_to_1_behav -key {Behavioral:sim_1:Functional:TB_Mux_8_to_1} -tclbatch {TB_Mux_8_to_1.tcl} -log {simulate.log}"
INFO: [USF-XSim-8] Loading simulator feature
Vivado Simulator 2018.1
Time resolution is 1 ps
source TB_Mux_8_to_1.tcl
# set curr_wave [current_wave_config]
# if { [string length $curr_wave] == 0 } {
#   if { [llength [get_objects]] > 0} {
#     add_wave /
#     set_property needs_save false [current_wave_config]
#   } else {
#      send_msg_id Add_Wave-1 WARNING "No top level signals found. Simulator will start without a wave window. If you want to open a wave window go to 'File->New Waveform Configuration' or type 'create_wave_config' in the TCL console."
#   }
# }
# run 1000ns
INFO: [USF-XSim-96] XSim completed. Design snapshot 'TB_Mux_8_to_1_behav' loaded.
INFO: [USF-XSim-97] XSim simulation ran for 1000ns
add_files -fileset constrs_1 -norecurse {{D:/Academic/Computer Organization and Digital Design/Labs/Basys3Labs.xdc}}
export_ip_user_files -of_objects  [get_files {{D:/Academic/Computer Organization and Digital Design/Labs/Basys3Labs.xdc}}] -no_script -reset -force -quiet
remove_files  -fileset constrs_1 {{D:/Academic/Computer Organization and Digital Design/Labs/Basys3Labs.xdc}}
add_files -fileset constrs_1 -norecurse {{D:/Academic/Computer Organization and Digital Design/Labs/Lab 4/Basys3Labs.xdc}}
close_sim
INFO: [Simtcl 6-16] Simulation closed
launch_simulation
INFO: [Vivado 12-5682] Launching behavioral simulation in 'D:/Academic/Computer Organization and Digital Design/Labs/Lab 4/Lab 4.sim/sim_1/behav/xsim'
INFO: [SIM-utils-51] Simulation object is 'sim_1'
INFO: [SIM-utils-54] Inspecting design source files for 'TB_Mux_8_to_1' in fileset 'sim_1'...
INFO: [USF-XSim-97] Finding global include files...
INFO: [USF-XSim-98] Fetching design files from 'sim_1'...
INFO: [USF-XSim-2] XSim::Compile design
INFO: [USF-XSim-61] Executing 'COMPILE and ANALYZE' step in 'D:/Academic/Computer Organization and Digital Design/Labs/Lab 4/Lab 4.sim/sim_1/behav/xsim'
"xvhdl --incr --relax -prj TB_Mux_8_to_1_vhdl.prj"
INFO: [USF-XSim-69] 'compile' step finished in '1' seconds
INFO: [USF-XSim-3] XSim::Elaborate design
INFO: [USF-XSim-61] Executing 'ELABORATE' step in 'D:/Academic/Computer Organization and Digital Design/Labs/Lab 4/Lab 4.sim/sim_1/behav/xsim'
Vivado Simulator 2018.1
Copyright 1986-1999, 2001-2017 Xilinx, Inc. All Rights Reserved.
Running: C:/Xilinx/Vivado/2018.1/bin/unwrapped/win64.o/xelab.exe -wto d721c5f40bd144829b3b803a2d6889b3 --incr --debug typical --relax --mt 2 -L xil_defaultlib -L secureip --snapshot TB_Mux_8_to_1_behav xil_defaultlib.TB_Mux_8_to_1 -log elaborate.log 
Using 2 slave threads.
Starting static elaboration
Completed static elaboration
INFO: [XSIM 43-4323] No Change in HDL. Linking previously generated obj files to create kernel
INFO: [USF-XSim-69] 'elaborate' step finished in '1' seconds
INFO: [USF-XSim-4] XSim::Simulate design
INFO: [USF-XSim-61] Executing 'SIMULATE' step in 'D:/Academic/Computer Organization and Digital Design/Labs/Lab 4/Lab 4.sim/sim_1/behav/xsim'
INFO: [USF-XSim-98] *** Running xsim
   with args "TB_Mux_8_to_1_behav -key {Behavioral:sim_1:Functional:TB_Mux_8_to_1} -tclbatch {TB_Mux_8_to_1.tcl} -log {simulate.log}"
INFO: [USF-XSim-8] Loading simulator feature
Vivado Simulator 2018.1
Time resolution is 1 ps
source TB_Mux_8_to_1.tcl
# set curr_wave [current_wave_config]
# if { [string length $curr_wave] == 0 } {
#   if { [llength [get_objects]] > 0} {
#     add_wave /
#     set_property needs_save false [current_wave_config]
#   } else {
#      send_msg_id Add_Wave-1 WARNING "No top level signals found. Simulator will start without a wave window. If you want to open a wave window go to 'File->New Waveform Configuration' or type 'create_wave_config' in the TCL console."
#   }
# }
# run 1000ns
INFO: [USF-XSim-96] XSim completed. Design snapshot 'TB_Mux_8_to_1_behav' loaded.
INFO: [USF-XSim-97] XSim simulation ran for 1000ns
refresh_design
---------------------------------------------------------------------------------
Starting RTL Elaboration : Time (s): cpu = 00:00:04 ; elapsed = 00:00:05 . Memory (MB): peak = 1594.234 ; gain = 0.000
---------------------------------------------------------------------------------
INFO: [Synth 8-638] synthesizing module 'Mux_8_to_1' [D:/Academic/Computer Organization and Digital Design/Labs/Lab 4/Lab 4.srcs/sources_1/new/Mux_8_to_1.vhd:41]
INFO: [Synth 8-3491] module 'Decoder_3_to_8' declared at 'D:/Academic/Computer Organization and Digital Design/Labs/Lab 4/Lab 4.srcs/sources_1/new/Decoder_3_to_8.vhd:34' bound to instance 'Decoder_3_to_8_0' of component 'Decoder_3_to_8' [D:/Academic/Computer Organization and Digital Design/Labs/Lab 4/Lab 4.srcs/sources_1/new/Mux_8_to_1.vhd:52]
INFO: [Synth 8-638] synthesizing module 'Decoder_3_to_8' [D:/Academic/Computer Organization and Digital Design/Labs/Lab 4/Lab 4.srcs/sources_1/new/Decoder_3_to_8.vhd:40]
INFO: [Synth 8-3491] module 'Decoder_2_to_4' declared at 'D:/Academic/Computer Organization and Digital Design/Labs/Lab 4/Lab 4.srcs/sources_1/new/Decoder_2_to_4.vhd:34' bound to instance 'Decoder_2_to_4_0' of component 'Decoder_2_to_4' [D:/Academic/Computer Organization and Digital Design/Labs/Lab 4/Lab 4.srcs/sources_1/new/Decoder_3_to_8.vhd:51]
INFO: [Synth 8-638] synthesizing module 'Decoder_2_to_4' [D:/Academic/Computer Organization and Digital Design/Labs/Lab 4/Lab 4.srcs/sources_1/new/Decoder_2_to_4.vhd:40]
INFO: [Synth 8-256] done synthesizing module 'Decoder_2_to_4' (1#1) [D:/Academic/Computer Organization and Digital Design/Labs/Lab 4/Lab 4.srcs/sources_1/new/Decoder_2_to_4.vhd:40]
INFO: [Synth 8-3491] module 'Decoder_2_to_4' declared at 'D:/Academic/Computer Organization and Digital Design/Labs/Lab 4/Lab 4.srcs/sources_1/new/Decoder_2_to_4.vhd:34' bound to instance 'Decoder_2_to_4_1' of component 'Decoder_2_to_4' [D:/Academic/Computer Organization and Digital Design/Labs/Lab 4/Lab 4.srcs/sources_1/new/Decoder_3_to_8.vhd:56]
INFO: [Synth 8-256] done synthesizing module 'Decoder_3_to_8' (2#1) [D:/Academic/Computer Organization and Digital Design/Labs/Lab 4/Lab 4.srcs/sources_1/new/Decoder_3_to_8.vhd:40]
INFO: [Synth 8-256] done synthesizing module 'Mux_8_to_1' (3#1) [D:/Academic/Computer Organization and Digital Design/Labs/Lab 4/Lab 4.srcs/sources_1/new/Mux_8_to_1.vhd:41]
---------------------------------------------------------------------------------
Finished RTL Elaboration : Time (s): cpu = 00:00:05 ; elapsed = 00:00:06 . Memory (MB): peak = 1629.965 ; gain = 35.730
---------------------------------------------------------------------------------

Report Check Netlist: 
+------+------------------+-------+---------+-------+------------------+
|      |Item              |Errors |Warnings |Status |Description       |
+------+------------------+-------+---------+-------+------------------+
|1     |multi_driven_nets |      0|        0|Passed |Multi driven nets |
+------+------------------+-------+---------+-------+------------------+
---------------------------------------------------------------------------------
Start Handling Custom Attributes
---------------------------------------------------------------------------------
---------------------------------------------------------------------------------
Finished Handling Custom Attributes : Time (s): cpu = 00:00:05 ; elapsed = 00:00:06 . Memory (MB): peak = 1629.965 ; gain = 35.730
---------------------------------------------------------------------------------
---------------------------------------------------------------------------------
Finished RTL Optimization Phase 1 : Time (s): cpu = 00:00:05 ; elapsed = 00:00:06 . Memory (MB): peak = 1629.965 ; gain = 35.730
---------------------------------------------------------------------------------
INFO: [Project 1-570] Preparing netlist for logic optimization

Processing XDC Constraints
Initializing timing engine
Parsing XDC File [D:/Academic/Computer Organization and Digital Design/Labs/Lab 4/Basys3Labs.xdc]
WARNING: [Vivado 12-584] No ports matched 'D0'. [D:/Academic/Computer Organization and Digital Design/Labs/Lab 4/Basys3Labs.xdc:12]
CRITICAL WARNING: [Common 17-55] 'set_property' expects at least one object. [D:/Academic/Computer Organization and Digital Design/Labs/Lab 4/Basys3Labs.xdc:12]
Resolution: If [get_<value>] was used to populate the object, check to make sure this command returns at least one valid object.
WARNING: [Vivado 12-584] No ports matched 'D0'. [D:/Academic/Computer Organization and Digital Design/Labs/Lab 4/Basys3Labs.xdc:13]
CRITICAL WARNING: [Common 17-55] 'set_property' expects at least one object. [D:/Academic/Computer Organization and Digital Design/Labs/Lab 4/Basys3Labs.xdc:13]
Resolution: If [get_<value>] was used to populate the object, check to make sure this command returns at least one valid object.
WARNING: [Vivado 12-584] No ports matched 'D1'. [D:/Academic/Computer Organization and Digital Design/Labs/Lab 4/Basys3Labs.xdc:14]
CRITICAL WARNING: [Common 17-55] 'set_property' expects at least one object. [D:/Academic/Computer Organization and Digital Design/Labs/Lab 4/Basys3Labs.xdc:14]
Resolution: If [get_<value>] was used to populate the object, check to make sure this command returns at least one valid object.
WARNING: [Vivado 12-584] No ports matched 'D1'. [D:/Academic/Computer Organization and Digital Design/Labs/Lab 4/Basys3Labs.xdc:15]
CRITICAL WARNING: [Common 17-55] 'set_property' expects at least one object. [D:/Academic/Computer Organization and Digital Design/Labs/Lab 4/Basys3Labs.xdc:15]
Resolution: If [get_<value>] was used to populate the object, check to make sure this command returns at least one valid object.
WARNING: [Vivado 12-584] No ports matched 'D2'. [D:/Academic/Computer Organization and Digital Design/Labs/Lab 4/Basys3Labs.xdc:16]
CRITICAL WARNING: [Common 17-55] 'set_property' expects at least one object. [D:/Academic/Computer Organization and Digital Design/Labs/Lab 4/Basys3Labs.xdc:16]
Resolution: If [get_<value>] was used to populate the object, check to make sure this command returns at least one valid object.
WARNING: [Vivado 12-584] No ports matched 'D2'. [D:/Academic/Computer Organization and Digital Design/Labs/Lab 4/Basys3Labs.xdc:17]
CRITICAL WARNING: [Common 17-55] 'set_property' expects at least one object. [D:/Academic/Computer Organization and Digital Design/Labs/Lab 4/Basys3Labs.xdc:17]
Resolution: If [get_<value>] was used to populate the object, check to make sure this command returns at least one valid object.
WARNING: [Vivado 12-584] No ports matched 'D3'. [D:/Academic/Computer Organization and Digital Design/Labs/Lab 4/Basys3Labs.xdc:18]
CRITICAL WARNING: [Common 17-55] 'set_property' expects at least one object. [D:/Academic/Computer Organization and Digital Design/Labs/Lab 4/Basys3Labs.xdc:18]
Resolution: If [get_<value>] was used to populate the object, check to make sure this command returns at least one valid object.
WARNING: [Vivado 12-584] No ports matched 'D3'. [D:/Academic/Computer Organization and Digital Design/Labs/Lab 4/Basys3Labs.xdc:19]
CRITICAL WARNING: [Common 17-55] 'set_property' expects at least one object. [D:/Academic/Computer Organization and Digital Design/Labs/Lab 4/Basys3Labs.xdc:19]
Resolution: If [get_<value>] was used to populate the object, check to make sure this command returns at least one valid object.
CRITICAL WARNING: [Designutils 20-970] Unrecognized or unsupported command 'set_property PACKAGE_PIN W15 [get_ports {D4]]
set_property IOSTANDARD LVCMOS33 [get_ports {D4}]
set_property PACKAGE_PIN V15 [get_ports {D5}]
set_property IOSTANDARD LVCMOS33 [get_ports {D5}]
set_prop ... (truncated) ' found in constraint file. [D:/Academic/Computer Organization and Digital Design/Labs/Lab 4/Basys3Labs.xdc:20]
Finished Parsing XDC File [D:/Academic/Computer Organization and Digital Design/Labs/Lab 4/Basys3Labs.xdc]
Completed Processing XDC Constraints

INFO: [Opt 31-138] Pushed 0 inverter(s) to 0 load pin(s).
refresh_design: Time (s): cpu = 00:00:11 ; elapsed = 00:00:10 . Memory (MB): peak = 1629.965 ; gain = 35.730
refresh_design
INFO: [Project 1-570] Preparing netlist for logic optimization

Processing XDC Constraints
Initializing timing engine
Parsing XDC File [D:/Academic/Computer Organization and Digital Design/Labs/Lab 4/Basys3Labs.xdc]
WARNING: [Vivado 12-584] No ports matched 'D(0)'. [D:/Academic/Computer Organization and Digital Design/Labs/Lab 4/Basys3Labs.xdc:12]
CRITICAL WARNING: [Common 17-55] 'set_property' expects at least one object. [D:/Academic/Computer Organization and Digital Design/Labs/Lab 4/Basys3Labs.xdc:12]
Resolution: If [get_<value>] was used to populate the object, check to make sure this command returns at least one valid object.
WARNING: [Vivado 12-584] No ports matched 'D(0)'. [D:/Academic/Computer Organization and Digital Design/Labs/Lab 4/Basys3Labs.xdc:13]
CRITICAL WARNING: [Common 17-55] 'set_property' expects at least one object. [D:/Academic/Computer Organization and Digital Design/Labs/Lab 4/Basys3Labs.xdc:13]
Resolution: If [get_<value>] was used to populate the object, check to make sure this command returns at least one valid object.
WARNING: [Vivado 12-584] No ports matched 'D(1)'. [D:/Academic/Computer Organization and Digital Design/Labs/Lab 4/Basys3Labs.xdc:14]
CRITICAL WARNING: [Common 17-55] 'set_property' expects at least one object. [D:/Academic/Computer Organization and Digital Design/Labs/Lab 4/Basys3Labs.xdc:14]
Resolution: If [get_<value>] was used to populate the object, check to make sure this command returns at least one valid object.
WARNING: [Vivado 12-584] No ports matched 'D(1)'. [D:/Academic/Computer Organization and Digital Design/Labs/Lab 4/Basys3Labs.xdc:15]
CRITICAL WARNING: [Common 17-55] 'set_property' expects at least one object. [D:/Academic/Computer Organization and Digital Design/Labs/Lab 4/Basys3Labs.xdc:15]
Resolution: If [get_<value>] was used to populate the object, check to make sure this command returns at least one valid object.
WARNING: [Vivado 12-584] No ports matched 'D(2)'. [D:/Academic/Computer Organization and Digital Design/Labs/Lab 4/Basys3Labs.xdc:16]
CRITICAL WARNING: [Common 17-55] 'set_property' expects at least one object. [D:/Academic/Computer Organization and Digital Design/Labs/Lab 4/Basys3Labs.xdc:16]
Resolution: If [get_<value>] was used to populate the object, check to make sure this command returns at least one valid object.
WARNING: [Vivado 12-584] No ports matched 'D(2)'. [D:/Academic/Computer Organization and Digital Design/Labs/Lab 4/Basys3Labs.xdc:17]
CRITICAL WARNING: [Common 17-55] 'set_property' expects at least one object. [D:/Academic/Computer Organization and Digital Design/Labs/Lab 4/Basys3Labs.xdc:17]
Resolution: If [get_<value>] was used to populate the object, check to make sure this command returns at least one valid object.
WARNING: [Vivado 12-584] No ports matched 'D(3)'. [D:/Academic/Computer Organization and Digital Design/Labs/Lab 4/Basys3Labs.xdc:18]
CRITICAL WARNING: [Common 17-55] 'set_property' expects at least one object. [D:/Academic/Computer Organization and Digital Design/Labs/Lab 4/Basys3Labs.xdc:18]
Resolution: If [get_<value>] was used to populate the object, check to make sure this command returns at least one valid object.
WARNING: [Vivado 12-584] No ports matched 'D(3)'. [D:/Academic/Computer Organization and Digital Design/Labs/Lab 4/Basys3Labs.xdc:19]
CRITICAL WARNING: [Common 17-55] 'set_property' expects at least one object. [D:/Academic/Computer Organization and Digital Design/Labs/Lab 4/Basys3Labs.xdc:19]
Resolution: If [get_<value>] was used to populate the object, check to make sure this command returns at least one valid object.
CRITICAL WARNING: [Designutils 20-970] Unrecognized or unsupported command 'set_property PACKAGE_PIN W15 [get_ports {D(4)]]
set_property IOSTANDARD LVCMOS33 [get_ports {D(4)}]
set_property PACKAGE_PIN V15 [get_ports {D(5)}]
set_property IOSTANDARD LVCMOS33 [get_ports {D(5)}]
 ... (truncated) ' found in constraint file. [D:/Academic/Computer Organization and Digital Design/Labs/Lab 4/Basys3Labs.xdc:20]
Finished Parsing XDC File [D:/Academic/Computer Organization and Digital Design/Labs/Lab 4/Basys3Labs.xdc]
Completed Processing XDC Constraints

INFO: [Opt 31-138] Pushed 0 inverter(s) to 0 load pin(s).
refresh_design
INFO: [Project 1-570] Preparing netlist for logic optimization

Processing XDC Constraints
Initializing timing engine
Parsing XDC File [D:/Academic/Computer Organization and Digital Design/Labs/Lab 4/Basys3Labs.xdc]
WARNING: [Vivado 12-584] No ports matched 'D0'. [D:/Academic/Computer Organization and Digital Design/Labs/Lab 4/Basys3Labs.xdc:12]
CRITICAL WARNING: [Common 17-55] 'set_property' expects at least one object. [D:/Academic/Computer Organization and Digital Design/Labs/Lab 4/Basys3Labs.xdc:12]
Resolution: If [get_<value>] was used to populate the object, check to make sure this command returns at least one valid object.
WARNING: [Vivado 12-584] No ports matched 'D0'. [D:/Academic/Computer Organization and Digital Design/Labs/Lab 4/Basys3Labs.xdc:13]
CRITICAL WARNING: [Common 17-55] 'set_property' expects at least one object. [D:/Academic/Computer Organization and Digital Design/Labs/Lab 4/Basys3Labs.xdc:13]
Resolution: If [get_<value>] was used to populate the object, check to make sure this command returns at least one valid object.
WARNING: [Vivado 12-584] No ports matched 'D1'. [D:/Academic/Computer Organization and Digital Design/Labs/Lab 4/Basys3Labs.xdc:14]
CRITICAL WARNING: [Common 17-55] 'set_property' expects at least one object. [D:/Academic/Computer Organization and Digital Design/Labs/Lab 4/Basys3Labs.xdc:14]
Resolution: If [get_<value>] was used to populate the object, check to make sure this command returns at least one valid object.
WARNING: [Vivado 12-584] No ports matched 'D1'. [D:/Academic/Computer Organization and Digital Design/Labs/Lab 4/Basys3Labs.xdc:15]
CRITICAL WARNING: [Common 17-55] 'set_property' expects at least one object. [D:/Academic/Computer Organization and Digital Design/Labs/Lab 4/Basys3Labs.xdc:15]
Resolution: If [get_<value>] was used to populate the object, check to make sure this command returns at least one valid object.
WARNING: [Vivado 12-584] No ports matched 'D2'. [D:/Academic/Computer Organization and Digital Design/Labs/Lab 4/Basys3Labs.xdc:16]
CRITICAL WARNING: [Common 17-55] 'set_property' expects at least one object. [D:/Academic/Computer Organization and Digital Design/Labs/Lab 4/Basys3Labs.xdc:16]
Resolution: If [get_<value>] was used to populate the object, check to make sure this command returns at least one valid object.
WARNING: [Vivado 12-584] No ports matched 'D2'. [D:/Academic/Computer Organization and Digital Design/Labs/Lab 4/Basys3Labs.xdc:17]
CRITICAL WARNING: [Common 17-55] 'set_property' expects at least one object. [D:/Academic/Computer Organization and Digital Design/Labs/Lab 4/Basys3Labs.xdc:17]
Resolution: If [get_<value>] was used to populate the object, check to make sure this command returns at least one valid object.
WARNING: [Vivado 12-584] No ports matched 'D3'. [D:/Academic/Computer Organization and Digital Design/Labs/Lab 4/Basys3Labs.xdc:18]
CRITICAL WARNING: [Common 17-55] 'set_property' expects at least one object. [D:/Academic/Computer Organization and Digital Design/Labs/Lab 4/Basys3Labs.xdc:18]
Resolution: If [get_<value>] was used to populate the object, check to make sure this command returns at least one valid object.
WARNING: [Vivado 12-584] No ports matched 'D3'. [D:/Academic/Computer Organization and Digital Design/Labs/Lab 4/Basys3Labs.xdc:19]
CRITICAL WARNING: [Common 17-55] 'set_property' expects at least one object. [D:/Academic/Computer Organization and Digital Design/Labs/Lab 4/Basys3Labs.xdc:19]
Resolution: If [get_<value>] was used to populate the object, check to make sure this command returns at least one valid object.
CRITICAL WARNING: [Designutils 20-970] Unrecognized or unsupported command 'set_property PACKAGE_PIN W15 [get_ports {D4]]
set_property IOSTANDARD LVCMOS33 [get_ports {D4}]
set_property PACKAGE_PIN V15 [get_ports {D5}]
set_property IOSTANDARD LVCMOS33 [get_ports {D5}]
set_prop ... (truncated) ' found in constraint file. [D:/Academic/Computer Organization and Digital Design/Labs/Lab 4/Basys3Labs.xdc:20]
Finished Parsing XDC File [D:/Academic/Computer Organization and Digital Design/Labs/Lab 4/Basys3Labs.xdc]
Completed Processing XDC Constraints

INFO: [Opt 31-138] Pushed 0 inverter(s) to 0 load pin(s).
set_property top TB_Decoder_2_to_4 [get_filesets sim_1]
set_property top_lib xil_defaultlib [get_filesets sim_1]
update_compile_order -fileset sim_1
current_sim simulation_1
close_sim
INFO: [Simtcl 6-16] Simulation closed
launch_simulation
INFO: [Vivado 12-5682] Launching behavioral simulation in 'D:/Academic/Computer Organization and Digital Design/Labs/Lab 4/Lab 4.sim/sim_1/behav/xsim'
INFO: [SIM-utils-51] Simulation object is 'sim_1'
INFO: [SIM-utils-54] Inspecting design source files for 'TB_Decoder_2_to_4' in fileset 'sim_1'...
INFO: [USF-XSim-97] Finding global include files...
INFO: [USF-XSim-98] Fetching design files from 'sim_1'...
INFO: [USF-XSim-2] XSim::Compile design
INFO: [USF-XSim-61] Executing 'COMPILE and ANALYZE' step in 'D:/Academic/Computer Organization and Digital Design/Labs/Lab 4/Lab 4.sim/sim_1/behav/xsim'
"xvhdl --incr --relax -prj TB_Decoder_2_to_4_vhdl.prj"
INFO: [USF-XSim-69] 'compile' step finished in '1' seconds
INFO: [USF-XSim-3] XSim::Elaborate design
INFO: [USF-XSim-61] Executing 'ELABORATE' step in 'D:/Academic/Computer Organization and Digital Design/Labs/Lab 4/Lab 4.sim/sim_1/behav/xsim'
Vivado Simulator 2018.1
Copyright 1986-1999, 2001-2017 Xilinx, Inc. All Rights Reserved.
Running: C:/Xilinx/Vivado/2018.1/bin/unwrapped/win64.o/xelab.exe -wto d721c5f40bd144829b3b803a2d6889b3 --incr --debug typical --relax --mt 2 -L xil_defaultlib -L secureip --snapshot TB_Decoder_2_to_4_behav xil_defaultlib.TB_Decoder_2_to_4 -log elaborate.log 
Using 2 slave threads.
Starting static elaboration
Completed static elaboration
INFO: [XSIM 43-4323] No Change in HDL. Linking previously generated obj files to create kernel
INFO: [USF-XSim-69] 'elaborate' step finished in '1' seconds
INFO: [USF-XSim-4] XSim::Simulate design
INFO: [USF-XSim-61] Executing 'SIMULATE' step in 'D:/Academic/Computer Organization and Digital Design/Labs/Lab 4/Lab 4.sim/sim_1/behav/xsim'
INFO: [USF-XSim-98] *** Running xsim
   with args "TB_Decoder_2_to_4_behav -key {Behavioral:sim_1:Functional:TB_Decoder_2_to_4} -tclbatch {TB_Decoder_2_to_4.tcl} -log {simulate.log}"
INFO: [USF-XSim-8] Loading simulator feature
Vivado Simulator 2018.1
Time resolution is 1 ps
source TB_Decoder_2_to_4.tcl
# set curr_wave [current_wave_config]
# if { [string length $curr_wave] == 0 } {
#   if { [llength [get_objects]] > 0} {
#     add_wave /
#     set_property needs_save false [current_wave_config]
#   } else {
#      send_msg_id Add_Wave-1 WARNING "No top level signals found. Simulator will start without a wave window. If you want to open a wave window go to 'File->New Waveform Configuration' or type 'create_wave_config' in the TCL console."
#   }
# }
# run 1000ns
INFO: [USF-XSim-96] XSim completed. Design snapshot 'TB_Decoder_2_to_4_behav' loaded.
INFO: [USF-XSim-97] XSim simulation ran for 1000ns
set_property top TB_Decoder_3_to_8 [get_filesets sim_1]
set_property top_lib xil_defaultlib [get_filesets sim_1]
update_compile_order -fileset sim_1
current_sim simulation_9
close_sim
INFO: [Simtcl 6-16] Simulation closed
launch_simulation
INFO: [Vivado 12-5682] Launching behavioral simulation in 'D:/Academic/Computer Organization and Digital Design/Labs/Lab 4/Lab 4.sim/sim_1/behav/xsim'
INFO: [SIM-utils-51] Simulation object is 'sim_1'
INFO: [SIM-utils-54] Inspecting design source files for 'TB_Decoder_3_to_8' in fileset 'sim_1'...
INFO: [USF-XSim-97] Finding global include files...
INFO: [USF-XSim-98] Fetching design files from 'sim_1'...
INFO: [USF-XSim-2] XSim::Compile design
INFO: [USF-XSim-61] Executing 'COMPILE and ANALYZE' step in 'D:/Academic/Computer Organization and Digital Design/Labs/Lab 4/Lab 4.sim/sim_1/behav/xsim'
"xvhdl --incr --relax -prj TB_Decoder_3_to_8_vhdl.prj"
INFO: [USF-XSim-69] 'compile' step finished in '1' seconds
INFO: [USF-XSim-3] XSim::Elaborate design
INFO: [USF-XSim-61] Executing 'ELABORATE' step in 'D:/Academic/Computer Organization and Digital Design/Labs/Lab 4/Lab 4.sim/sim_1/behav/xsim'
Vivado Simulator 2018.1
Copyright 1986-1999, 2001-2017 Xilinx, Inc. All Rights Reserved.
Running: C:/Xilinx/Vivado/2018.1/bin/unwrapped/win64.o/xelab.exe -wto d721c5f40bd144829b3b803a2d6889b3 --incr --debug typical --relax --mt 2 -L xil_defaultlib -L secureip --snapshot TB_Decoder_3_to_8_behav xil_defaultlib.TB_Decoder_3_to_8 -log elaborate.log 
Using 2 slave threads.
Starting static elaboration
Completed static elaboration
INFO: [XSIM 43-4323] No Change in HDL. Linking previously generated obj files to create kernel
INFO: [USF-XSim-69] 'elaborate' step finished in '1' seconds
INFO: [USF-XSim-4] XSim::Simulate design
INFO: [USF-XSim-61] Executing 'SIMULATE' step in 'D:/Academic/Computer Organization and Digital Design/Labs/Lab 4/Lab 4.sim/sim_1/behav/xsim'
INFO: [USF-XSim-98] *** Running xsim
   with args "TB_Decoder_3_to_8_behav -key {Behavioral:sim_1:Functional:TB_Decoder_3_to_8} -tclbatch {TB_Decoder_3_to_8.tcl} -log {simulate.log}"
INFO: [USF-XSim-8] Loading simulator feature
Vivado Simulator 2018.1
Time resolution is 1 ps
source TB_Decoder_3_to_8.tcl
# set curr_wave [current_wave_config]
# if { [string length $curr_wave] == 0 } {
#   if { [llength [get_objects]] > 0} {
#     add_wave /
#     set_property needs_save false [current_wave_config]
#   } else {
#      send_msg_id Add_Wave-1 WARNING "No top level signals found. Simulator will start without a wave window. If you want to open a wave window go to 'File->New Waveform Configuration' or type 'create_wave_config' in the TCL console."
#   }
# }
# run 1000ns
INFO: [USF-XSim-96] XSim completed. Design snapshot 'TB_Decoder_3_to_8_behav' loaded.
INFO: [USF-XSim-97] XSim simulation ran for 1000ns
set_property top TB_Decoder_2_to_4 [get_filesets sim_1]
set_property top_lib xil_defaultlib [get_filesets sim_1]
update_compile_order -fileset sim_1
launch_runs synth_1 -jobs 6
[Sun Mar 26 14:52:17 2023] Launched synth_1...
Run output will be captured here: D:/Academic/Computer Organization and Digital Design/Labs/Lab 4/Lab 4.runs/synth_1/runme.log
launch_runs impl_1 -jobs 6
[Sun Mar 26 14:53:36 2023] Launched impl_1...
Run output will be captured here: D:/Academic/Computer Organization and Digital Design/Labs/Lab 4/Lab 4.runs/impl_1/runme.log
open_run impl_1
INFO: [Netlist 29-17] Analyzing 12 Unisim elements for replacement
INFO: [Netlist 29-28] Unisim Transformation completed in 0 CPU seconds
INFO: [Project 1-479] Netlist was created with Vivado 2018.1
INFO: [Project 1-570] Preparing netlist for logic optimization
INFO: [Timing 38-478] Restoring timing data from binary archive.
INFO: [Timing 38-479] Binary timing data restore complete.
INFO: [Project 1-856] Restoring constraints from binary archive.
INFO: [Project 1-853] Binary constraint restore complete.
Reading XDEF placement.
Reading placer database...
Reading XDEF routing.
Read XDEF File: Time (s): cpu = 00:00:00 ; elapsed = 00:00:00.043 . Memory (MB): peak = 2189.156 ; gain = 0.000
Restored from archive | CPU: 0.000000 secs | Memory: 0.000000 MB |
Finished XDEF File Restore: Time (s): cpu = 00:00:00 ; elapsed = 00:00:00.043 . Memory (MB): peak = 2189.156 ; gain = 0.000
INFO: [Project 1-111] Unisim Transformation Summary:
No Unisim elements were transformed.

open_run: Time (s): cpu = 00:00:16 ; elapsed = 00:00:15 . Memory (MB): peak = 2241.227 ; gain = 578.004
WARNING: [Timing 38-313] There are no user specified timing constraints. Timing constraints are needed for proper timing analysis.
close_sim
INFO: [Simtcl 6-16] Simulation closed
current_sim simulation_18
close_sim
INFO: [Simtcl 6-16] Simulation closed
current_sim simulation_17
close_sim
INFO: [Simtcl 6-16] Simulation closed
close_sim
INFO: [Simtcl 6-16] Simulation closed
exit
INFO: [Common 17-206] Exiting Vivado at Sun Mar 26 15:00:06 2023...
