#-----------------------------------------------------------
# Vivado v2018.1 (64-bit)
# SW Build 2188600 on Wed Apr  4 18:40:38 MDT 2018
# IP Build 2185939 on Wed Apr  4 20:55:05 MDT 2018
# Start of session at: Sun Mar 26 15:03:23 2023
# Process ID: 24164
# Current directory: D:/Academic/Computer Organization and Digital Design/Labs/Lab 4
# Command line: vivado.exe -gui_launcher_event rodinguilauncherevent11572 D:\Academic\Computer Organization and Digital Design\Labs\Lab 4\Lab 4.xpr
# Log file: D:/Academic/Computer Organization and Digital Design/Labs/Lab 4/vivado.log
# Journal file: D:/Academic/Computer Organization and Digital Design/Labs/Lab 4\vivado.jou
#-----------------------------------------------------------
start_gui
open_project {D:/Academic/Computer Organization and Digital Design/Labs/Lab 4/Lab 4.xpr}
Scanning sources...
Finished scanning sources
INFO: [IP_Flow 19-234] Refreshing IP repositories
INFO: [IP_Flow 19-1704] No user IP repositories specified
INFO: [IP_Flow 19-2313] Loaded Vivado IP repository 'C:/Xilinx/Vivado/2018.1/data/ip'.
update_compile_order -fileset sources_1
synth_design -rtl -name rtl_1
Command: synth_design -rtl -name rtl_1
Starting synth_design
Using part: xc7a35tcpg236-1
Top: Mux_8_to_1
---------------------------------------------------------------------------------
Starting RTL Elaboration : Time (s): cpu = 00:00:06 ; elapsed = 00:00:04 . Memory (MB): peak = 977.160 ; gain = 68.676
---------------------------------------------------------------------------------
INFO: [Synth 8-638] synthesizing module 'Mux_8_to_1' [D:/Academic/Computer Organization and Digital Design/Labs/Lab 4/Lab 4.srcs/sources_1/new/Mux_8_to_1.vhd:41]
INFO: [Synth 8-3491] module 'Decoder_3_to_8' declared at 'D:/Academic/Computer Organization and Digital Design/Labs/Lab 4/Lab 4.srcs/sources_1/new/Decoder_3_to_8.vhd:34' bound to instance 'Decoder_3_to_8_0' of component 'Decoder_3_to_8' [D:/Academic/Computer Organization and Digital Design/Labs/Lab 4/Lab 4.srcs/sources_1/new/Mux_8_to_1.vhd:52]
INFO: [Synth 8-638] synthesizing module 'Decoder_3_to_8' [D:/Academic/Computer Organization and Digital Design/Labs/Lab 4/Lab 4.srcs/sources_1/new/Decoder_3_to_8.vhd:40]
INFO: [Synth 8-3491] module 'Decoder_2_to_4' declared at 'D:/Academic/Computer Organization and Digital Design/Labs/Lab 4/Lab 4.srcs/sources_1/new/Decoder_2_to_4.vhd:34' bound to instance 'Decoder_2_to_4_0' of component 'Decoder_2_to_4' [D:/Academic/Computer Organization and Digital Design/Labs/Lab 4/Lab 4.srcs/sources_1/new/Decoder_3_to_8.vhd:51]
INFO: [Synth 8-638] synthesizing module 'Decoder_2_to_4' [D:/Academic/Computer Organization and Digital Design/Labs/Lab 4/Lab 4.srcs/sources_1/new/Decoder_2_to_4.vhd:40]
INFO: [Synth 8-256] done synthesizing module 'Decoder_2_to_4' (1#1) [D:/Academic/Computer Organization and Digital Design/Labs/Lab 4/Lab 4.srcs/sources_1/new/Decoder_2_to_4.vhd:40]
INFO: [Synth 8-3491] module 'Decoder_2_to_4' declared at 'D:/Academic/Computer Organization and Digital Design/Labs/Lab 4/Lab 4.srcs/sources_1/new/Decoder_2_to_4.vhd:34' bound to instance 'Decoder_2_to_4_1' of component 'Decoder_2_to_4' [D:/Academic/Computer Organization and Digital Design/Labs/Lab 4/Lab 4.srcs/sources_1/new/Decoder_3_to_8.vhd:56]
INFO: [Synth 8-256] done synthesizing module 'Decoder_3_to_8' (2#1) [D:/Academic/Computer Organization and Digital Design/Labs/Lab 4/Lab 4.srcs/sources_1/new/Decoder_3_to_8.vhd:40]
INFO: [Synth 8-256] done synthesizing module 'Mux_8_to_1' (3#1) [D:/Academic/Computer Organization and Digital Design/Labs/Lab 4/Lab 4.srcs/sources_1/new/Mux_8_to_1.vhd:41]
---------------------------------------------------------------------------------
Finished RTL Elaboration : Time (s): cpu = 00:00:07 ; elapsed = 00:00:05 . Memory (MB): peak = 1006.785 ; gain = 98.301
---------------------------------------------------------------------------------

Report Check Netlist: 
+------+------------------+-------+---------+-------+------------------+
|      |Item              |Errors |Warnings |Status |Description       |
+------+------------------+-------+---------+-------+------------------+
|1     |multi_driven_nets |      0|        0|Passed |Multi driven nets |
+------+------------------+-------+---------+-------+------------------+
---------------------------------------------------------------------------------
Start Handling Custom Attributes
---------------------------------------------------------------------------------
---------------------------------------------------------------------------------
Finished Handling Custom Attributes : Time (s): cpu = 00:00:07 ; elapsed = 00:00:05 . Memory (MB): peak = 1006.785 ; gain = 98.301
---------------------------------------------------------------------------------
---------------------------------------------------------------------------------
Finished RTL Optimization Phase 1 : Time (s): cpu = 00:00:07 ; elapsed = 00:00:05 . Memory (MB): peak = 1006.785 ; gain = 98.301
---------------------------------------------------------------------------------
INFO: [Device 21-403] Loading part xc7a35tcpg236-1
INFO: [Project 1-570] Preparing netlist for logic optimization

Processing XDC Constraints
Initializing timing engine
Parsing XDC File [D:/Academic/Computer Organization and Digital Design/Labs/Lab 4/Basys3Labs.xdc]
WARNING: [Vivado 12-584] No ports matched 'D0'. [D:/Academic/Computer Organization and Digital Design/Labs/Lab 4/Basys3Labs.xdc:12]
CRITICAL WARNING: [Common 17-55] 'set_property' expects at least one object. [D:/Academic/Computer Organization and Digital Design/Labs/Lab 4/Basys3Labs.xdc:12]
Resolution: If [get_<value>] was used to populate the object, check to make sure this command returns at least one valid object.
WARNING: [Vivado 12-584] No ports matched 'D0'. [D:/Academic/Computer Organization and Digital Design/Labs/Lab 4/Basys3Labs.xdc:13]
CRITICAL WARNING: [Common 17-55] 'set_property' expects at least one object. [D:/Academic/Computer Organization and Digital Design/Labs/Lab 4/Basys3Labs.xdc:13]
Resolution: If [get_<value>] was used to populate the object, check to make sure this command returns at least one valid object.
WARNING: [Vivado 12-584] No ports matched 'D1'. [D:/Academic/Computer Organization and Digital Design/Labs/Lab 4/Basys3Labs.xdc:14]
CRITICAL WARNING: [Common 17-55] 'set_property' expects at least one object. [D:/Academic/Computer Organization and Digital Design/Labs/Lab 4/Basys3Labs.xdc:14]
Resolution: If [get_<value>] was used to populate the object, check to make sure this command returns at least one valid object.
WARNING: [Vivado 12-584] No ports matched 'D1'. [D:/Academic/Computer Organization and Digital Design/Labs/Lab 4/Basys3Labs.xdc:15]
CRITICAL WARNING: [Common 17-55] 'set_property' expects at least one object. [D:/Academic/Computer Organization and Digital Design/Labs/Lab 4/Basys3Labs.xdc:15]
Resolution: If [get_<value>] was used to populate the object, check to make sure this command returns at least one valid object.
WARNING: [Vivado 12-584] No ports matched 'D2'. [D:/Academic/Computer Organization and Digital Design/Labs/Lab 4/Basys3Labs.xdc:16]
CRITICAL WARNING: [Common 17-55] 'set_property' expects at least one object. [D:/Academic/Computer Organization and Digital Design/Labs/Lab 4/Basys3Labs.xdc:16]
Resolution: If [get_<value>] was used to populate the object, check to make sure this command returns at least one valid object.
WARNING: [Vivado 12-584] No ports matched 'D2'. [D:/Academic/Computer Organization and Digital Design/Labs/Lab 4/Basys3Labs.xdc:17]
CRITICAL WARNING: [Common 17-55] 'set_property' expects at least one object. [D:/Academic/Computer Organization and Digital Design/Labs/Lab 4/Basys3Labs.xdc:17]
Resolution: If [get_<value>] was used to populate the object, check to make sure this command returns at least one valid object.
WARNING: [Vivado 12-584] No ports matched 'D3'. [D:/Academic/Computer Organization and Digital Design/Labs/Lab 4/Basys3Labs.xdc:18]
CRITICAL WARNING: [Common 17-55] 'set_property' expects at least one object. [D:/Academic/Computer Organization and Digital Design/Labs/Lab 4/Basys3Labs.xdc:18]
Resolution: If [get_<value>] was used to populate the object, check to make sure this command returns at least one valid object.
WARNING: [Vivado 12-584] No ports matched 'D3'. [D:/Academic/Computer Organization and Digital Design/Labs/Lab 4/Basys3Labs.xdc:19]
CRITICAL WARNING: [Common 17-55] 'set_property' expects at least one object. [D:/Academic/Computer Organization and Digital Design/Labs/Lab 4/Basys3Labs.xdc:19]
Resolution: If [get_<value>] was used to populate the object, check to make sure this command returns at least one valid object.
CRITICAL WARNING: [Designutils 20-970] Unrecognized or unsupported command 'set_property PACKAGE_PIN W15 [get_ports {D4]]
set_property IOSTANDARD LVCMOS33 [get_ports {D4}]
set_property PACKAGE_PIN V15 [get_ports {D5}]
set_property IOSTANDARD LVCMOS33 [get_ports {D5}]
set_prop ... (truncated) ' found in constraint file. [D:/Academic/Computer Organization and Digital Design/Labs/Lab 4/Basys3Labs.xdc:20]
Finished Parsing XDC File [D:/Academic/Computer Organization and Digital Design/Labs/Lab 4/Basys3Labs.xdc]
Completed Processing XDC Constraints

INFO: [Opt 31-138] Pushed 0 inverter(s) to 0 load pin(s).
INFO: [Project 1-111] Unisim Transformation Summary:
No Unisim elements were transformed.

RTL Elaboration Complete:  : Time (s): cpu = 00:00:18 ; elapsed = 00:00:14 . Memory (MB): peak = 1374.512 ; gain = 466.027
13 Infos, 8 Warnings, 9 Critical Warnings and 0 Errors encountered.
synth_design completed successfully
synth_design: Time (s): cpu = 00:00:18 ; elapsed = 00:00:14 . Memory (MB): peak = 1374.512 ; gain = 466.027
exit
INFO: [Common 17-206] Exiting Vivado at Sun Mar 26 15:04:35 2023...
