
*** Running vivado
    with args -log RCA_4.vds -m64 -product Vivado -mode batch -messageDb vivado.pb -notrace -source RCA_4.tcl


****** Vivado v2018.1 (64-bit)
  **** SW Build 2188600 on Wed Apr  4 18:40:38 MDT 2018
  **** IP Build 2185939 on Wed Apr  4 20:55:05 MDT 2018
    ** Copyright 1986-2018 Xilinx, Inc. All Rights Reserved.

source RCA_4.tcl -notrace
Command: synth_design -top RCA_4 -part xc7a35tcpg236-1
Starting synth_design
Attempting to get a license for feature 'Synthesis' and/or device 'xc7a35t'
INFO: [Common 17-349] Got license for feature 'Synthesis' and/or device 'xc7a35t'
INFO: Launching helper process for spawning children vivado processes
INFO: Helper process launched with PID 10368 
---------------------------------------------------------------------------------
Starting RTL Elaboration : Time (s): cpu = 00:00:04 ; elapsed = 00:00:05 . Memory (MB): peak = 358.344 ; gain = 99.797
---------------------------------------------------------------------------------
INFO: [Synth 8-638] synthesizing module 'RCA_4' [D:/Academic/Computer Organization and Digital Design/Labs/Lab 3/Lab 3/Lab 3.srcs/sources_1/new/RCA_4.vhd:51]
INFO: [Synth 8-3491] module 'FA' declared at 'D:/Academic/Computer Organization and Digital Design/Labs/Lab 3/Lab 3/Lab 3.srcs/sources_1/new/FA.vhd:34' bound to instance 'FA_0' of component 'FA' [D:/Academic/Computer Organization and Digital Design/Labs/Lab 3/Lab 3/Lab 3.srcs/sources_1/new/RCA_4.vhd:65]
INFO: [Synth 8-638] synthesizing module 'FA' [D:/Academic/Computer Organization and Digital Design/Labs/Lab 3/Lab 3/Lab 3.srcs/sources_1/new/FA.vhd:42]
INFO: [Synth 8-3491] module 'HA' declared at 'D:/Academic/Computer Organization and Digital Design/Labs/Lab 3/Lab 3/Lab 3.srcs/sources_1/new/HA.vhd:34' bound to instance 'HA_0' of component 'HA' [D:/Academic/Computer Organization and Digital Design/Labs/Lab 3/Lab 3/Lab 3.srcs/sources_1/new/FA.vhd:52]
INFO: [Synth 8-638] synthesizing module 'HA' [D:/Academic/Computer Organization and Digital Design/Labs/Lab 3/Lab 3/Lab 3.srcs/sources_1/new/HA.vhd:41]
INFO: [Synth 8-256] done synthesizing module 'HA' (1#1) [D:/Academic/Computer Organization and Digital Design/Labs/Lab 3/Lab 3/Lab 3.srcs/sources_1/new/HA.vhd:41]
INFO: [Synth 8-3491] module 'HA' declared at 'D:/Academic/Computer Organization and Digital Design/Labs/Lab 3/Lab 3/Lab 3.srcs/sources_1/new/HA.vhd:34' bound to instance 'HA_1' of component 'HA' [D:/Academic/Computer Organization and Digital Design/Labs/Lab 3/Lab 3/Lab 3.srcs/sources_1/new/FA.vhd:58]
INFO: [Synth 8-256] done synthesizing module 'FA' (2#1) [D:/Academic/Computer Organization and Digital Design/Labs/Lab 3/Lab 3/Lab 3.srcs/sources_1/new/FA.vhd:42]
INFO: [Synth 8-3491] module 'FA' declared at 'D:/Academic/Computer Organization and Digital Design/Labs/Lab 3/Lab 3/Lab 3.srcs/sources_1/new/FA.vhd:34' bound to instance 'FA_1' of component 'FA' [D:/Academic/Computer Organization and Digital Design/Labs/Lab 3/Lab 3/Lab 3.srcs/sources_1/new/RCA_4.vhd:72]
INFO: [Synth 8-3491] module 'FA' declared at 'D:/Academic/Computer Organization and Digital Design/Labs/Lab 3/Lab 3/Lab 3.srcs/sources_1/new/FA.vhd:34' bound to instance 'FA_2' of component 'FA' [D:/Academic/Computer Organization and Digital Design/Labs/Lab 3/Lab 3/Lab 3.srcs/sources_1/new/RCA_4.vhd:79]
INFO: [Synth 8-3491] module 'FA' declared at 'D:/Academic/Computer Organization and Digital Design/Labs/Lab 3/Lab 3/Lab 3.srcs/sources_1/new/FA.vhd:34' bound to instance 'FA_3' of component 'FA' [D:/Academic/Computer Organization and Digital Design/Labs/Lab 3/Lab 3/Lab 3.srcs/sources_1/new/RCA_4.vhd:86]
INFO: [Synth 8-256] done synthesizing module 'RCA_4' (3#1) [D:/Academic/Computer Organization and Digital Design/Labs/Lab 3/Lab 3/Lab 3.srcs/sources_1/new/RCA_4.vhd:51]
WARNING: [Synth 8-3331] design RCA_4 has unconnected port C_in
---------------------------------------------------------------------------------
Finished RTL Elaboration : Time (s): cpu = 00:00:05 ; elapsed = 00:00:05 . Memory (MB): peak = 413.363 ; gain = 154.816
---------------------------------------------------------------------------------

Report Check Netlist: 
+------+------------------+-------+---------+-------+------------------+
|      |Item              |Errors |Warnings |Status |Description       |
+------+------------------+-------+---------+-------+------------------+
|1     |multi_driven_nets |      0|        0|Passed |Multi driven nets |
+------+------------------+-------+---------+-------+------------------+
---------------------------------------------------------------------------------
Start Handling Custom Attributes
---------------------------------------------------------------------------------
---------------------------------------------------------------------------------
Finished Handling Custom Attributes : Time (s): cpu = 00:00:05 ; elapsed = 00:00:05 . Memory (MB): peak = 413.363 ; gain = 154.816
---------------------------------------------------------------------------------
---------------------------------------------------------------------------------
Finished RTL Optimization Phase 1 : Time (s): cpu = 00:00:05 ; elapsed = 00:00:05 . Memory (MB): peak = 413.363 ; gain = 154.816
---------------------------------------------------------------------------------
INFO: [Device 21-403] Loading part xc7a35tcpg236-1
INFO: [Project 1-570] Preparing netlist for logic optimization

Processing XDC Constraints
Initializing timing engine
Parsing XDC File [D:/Academic/Computer Organization and Digital Design/Labs/Basys3Labs.xdc]
Finished Parsing XDC File [D:/Academic/Computer Organization and Digital Design/Labs/Basys3Labs.xdc]
INFO: [Project 1-236] Implementation specific constraints were found while reading constraint file [D:/Academic/Computer Organization and Digital Design/Labs/Basys3Labs.xdc]. These constraints will be ignored for synthesis but will be used in implementation. Impacted constraints are listed in the file [.Xil/RCA_4_propImpl.xdc].
Resolution: To avoid this warning, move constraints listed in [.Xil/RCA_4_propImpl.xdc] to another XDC file and exclude this new file from synthesis with the used_in_synthesis property (File Properties dialog in GUI) and re-run elaboration/synthesis.
Completed Processing XDC Constraints

INFO: [Project 1-111] Unisim Transformation Summary:
No Unisim elements were transformed.

Constraint Validation Runtime : Time (s): cpu = 00:00:00 ; elapsed = 00:00:00.003 . Memory (MB): peak = 705.641 ; gain = 0.000
---------------------------------------------------------------------------------
Finished Constraint Validation : Time (s): cpu = 00:00:14 ; elapsed = 00:00:17 . Memory (MB): peak = 705.641 ; gain = 447.094
---------------------------------------------------------------------------------
---------------------------------------------------------------------------------
Start Loading Part and Timing Information
---------------------------------------------------------------------------------
Loading part: xc7a35tcpg236-1
---------------------------------------------------------------------------------
Finished Loading Part and Timing Information : Time (s): cpu = 00:00:14 ; elapsed = 00:00:17 . Memory (MB): peak = 705.641 ; gain = 447.094
---------------------------------------------------------------------------------
---------------------------------------------------------------------------------
Start Applying 'set_property' XDC Constraints
---------------------------------------------------------------------------------
---------------------------------------------------------------------------------
Finished applying 'set_property' XDC Constraints : Time (s): cpu = 00:00:14 ; elapsed = 00:00:17 . Memory (MB): peak = 705.641 ; gain = 447.094
---------------------------------------------------------------------------------
---------------------------------------------------------------------------------
Finished RTL Optimization Phase 2 : Time (s): cpu = 00:00:14 ; elapsed = 00:00:17 . Memory (MB): peak = 705.641 ; gain = 447.094
---------------------------------------------------------------------------------

Report RTL Partitions: 
+-+--------------+------------+----------+
| |RTL Partition |Replication |Instances |
+-+--------------+------------+----------+
+-+--------------+------------+----------+
---------------------------------------------------------------------------------
Start RTL Component Statistics 
---------------------------------------------------------------------------------
Detailed RTL Component Info : 
+---XORs : 
	   2 Input      1 Bit         XORs := 8     
---------------------------------------------------------------------------------
Finished RTL Component Statistics 
---------------------------------------------------------------------------------
---------------------------------------------------------------------------------
Start RTL Hierarchical Component Statistics 
---------------------------------------------------------------------------------
Hierarchical RTL Component report 
Module HA 
Detailed RTL Component Info : 
+---XORs : 
	   2 Input      1 Bit         XORs := 1     
---------------------------------------------------------------------------------
Finished RTL Hierarchical Component Statistics
---------------------------------------------------------------------------------
---------------------------------------------------------------------------------
Start Part Resource Summary
---------------------------------------------------------------------------------
Part Resources:
DSPs: 90 (col length:60)
BRAMs: 100 (col length: RAMB18 60 RAMB36 30)
---------------------------------------------------------------------------------
Finished Part Resource Summary
---------------------------------------------------------------------------------
---------------------------------------------------------------------------------
Start Cross Boundary and Area Optimization
---------------------------------------------------------------------------------
Warning: Parallel synthesis criteria is not met 
WARNING: [Synth 8-3331] design RCA_4 has unconnected port C_in
---------------------------------------------------------------------------------
Finished Cross Boundary and Area Optimization : Time (s): cpu = 00:00:15 ; elapsed = 00:00:17 . Memory (MB): peak = 705.641 ; gain = 447.094
---------------------------------------------------------------------------------

Report RTL Partitions: 
+-+--------------+------------+----------+
| |RTL Partition |Replication |Instances |
+-+--------------+------------+----------+
+-+--------------+------------+----------+
---------------------------------------------------------------------------------
Start Applying XDC Timing Constraints
---------------------------------------------------------------------------------
---------------------------------------------------------------------------------
Finished Applying XDC Timing Constraints : Time (s): cpu = 00:00:22 ; elapsed = 00:00:26 . Memory (MB): peak = 723.508 ; gain = 464.961
---------------------------------------------------------------------------------
---------------------------------------------------------------------------------
Start Timing Optimization
---------------------------------------------------------------------------------
---------------------------------------------------------------------------------
Finished Timing Optimization : Time (s): cpu = 00:00:22 ; elapsed = 00:00:26 . Memory (MB): peak = 723.508 ; gain = 464.961
---------------------------------------------------------------------------------

Report RTL Partitions: 
+-+--------------+------------+----------+
| |RTL Partition |Replication |Instances |
+-+--------------+------------+----------+
+-+--------------+------------+----------+
---------------------------------------------------------------------------------
Start Technology Mapping
---------------------------------------------------------------------------------
---------------------------------------------------------------------------------
Finished Technology Mapping : Time (s): cpu = 00:00:22 ; elapsed = 00:00:26 . Memory (MB): peak = 723.582 ; gain = 465.035
---------------------------------------------------------------------------------

Report RTL Partitions: 
+-+--------------+------------+----------+
| |RTL Partition |Replication |Instances |
+-+--------------+------------+----------+
+-+--------------+------------+----------+
---------------------------------------------------------------------------------
Start IO Insertion
---------------------------------------------------------------------------------
---------------------------------------------------------------------------------
Start Flattening Before IO Insertion
---------------------------------------------------------------------------------
---------------------------------------------------------------------------------
Finished Flattening Before IO Insertion
---------------------------------------------------------------------------------
---------------------------------------------------------------------------------
Start Final Netlist Cleanup
---------------------------------------------------------------------------------
---------------------------------------------------------------------------------
Finished Final Netlist Cleanup
---------------------------------------------------------------------------------
---------------------------------------------------------------------------------
Finished IO Insertion : Time (s): cpu = 00:00:23 ; elapsed = 00:00:27 . Memory (MB): peak = 724.711 ; gain = 466.164
---------------------------------------------------------------------------------

Report Check Netlist: 
+------+------------------+-------+---------+-------+------------------+
|      |Item              |Errors |Warnings |Status |Description       |
+------+------------------+-------+---------+-------+------------------+
|1     |multi_driven_nets |      0|        0|Passed |Multi driven nets |
+------+------------------+-------+---------+-------+------------------+
---------------------------------------------------------------------------------
Start Renaming Generated Instances
---------------------------------------------------------------------------------
---------------------------------------------------------------------------------
Finished Renaming Generated Instances : Time (s): cpu = 00:00:23 ; elapsed = 00:00:27 . Memory (MB): peak = 724.711 ; gain = 466.164
---------------------------------------------------------------------------------

Report RTL Partitions: 
+-+--------------+------------+----------+
| |RTL Partition |Replication |Instances |
+-+--------------+------------+----------+
+-+--------------+------------+----------+
---------------------------------------------------------------------------------
Start Rebuilding User Hierarchy
---------------------------------------------------------------------------------
---------------------------------------------------------------------------------
Finished Rebuilding User Hierarchy : Time (s): cpu = 00:00:23 ; elapsed = 00:00:27 . Memory (MB): peak = 724.711 ; gain = 466.164
---------------------------------------------------------------------------------
---------------------------------------------------------------------------------
Start Renaming Generated Ports
---------------------------------------------------------------------------------
---------------------------------------------------------------------------------
Finished Renaming Generated Ports : Time (s): cpu = 00:00:23 ; elapsed = 00:00:27 . Memory (MB): peak = 724.711 ; gain = 466.164
---------------------------------------------------------------------------------
---------------------------------------------------------------------------------
Start Handling Custom Attributes
---------------------------------------------------------------------------------
---------------------------------------------------------------------------------
Finished Handling Custom Attributes : Time (s): cpu = 00:00:23 ; elapsed = 00:00:27 . Memory (MB): peak = 724.711 ; gain = 466.164
---------------------------------------------------------------------------------
---------------------------------------------------------------------------------
Start Renaming Generated Nets
---------------------------------------------------------------------------------
---------------------------------------------------------------------------------
Finished Renaming Generated Nets : Time (s): cpu = 00:00:23 ; elapsed = 00:00:27 . Memory (MB): peak = 724.711 ; gain = 466.164
---------------------------------------------------------------------------------
---------------------------------------------------------------------------------
Start Writing Synthesis Report
---------------------------------------------------------------------------------

Report BlackBoxes: 
+-+--------------+----------+
| |BlackBox name |Instances |
+-+--------------+----------+
+-+--------------+----------+

Report Cell Usage: 
+------+-----+------+
|      |Cell |Count |
+------+-----+------+
|1     |LUT2 |     1|
|2     |LUT3 |     2|
|3     |LUT4 |     1|
|4     |LUT6 |     2|
|5     |IBUF |     8|
|6     |OBUF |     5|
+------+-----+------+

Report Instance Areas: 
+------+---------+-------+------+
|      |Instance |Module |Cells |
+------+---------+-------+------+
|1     |top      |       |    19|
+------+---------+-------+------+
---------------------------------------------------------------------------------
Finished Writing Synthesis Report : Time (s): cpu = 00:00:23 ; elapsed = 00:00:27 . Memory (MB): peak = 724.711 ; gain = 466.164
---------------------------------------------------------------------------------
Synthesis finished with 0 errors, 0 critical warnings and 1 warnings.
Synthesis Optimization Runtime : Time (s): cpu = 00:00:13 ; elapsed = 00:00:20 . Memory (MB): peak = 724.719 ; gain = 173.895
Synthesis Optimization Complete : Time (s): cpu = 00:00:23 ; elapsed = 00:00:27 . Memory (MB): peak = 724.719 ; gain = 466.172
INFO: [Project 1-571] Translating synthesized netlist
INFO: [Netlist 29-17] Analyzing 8 Unisim elements for replacement
INFO: [Netlist 29-28] Unisim Transformation completed in 0 CPU seconds
INFO: [Project 1-570] Preparing netlist for logic optimization
INFO: [Opt 31-138] Pushed 0 inverter(s) to 0 load pin(s).
INFO: [Project 1-111] Unisim Transformation Summary:
No Unisim elements were transformed.

INFO: [Common 17-83] Releasing license: Synthesis
24 Infos, 2 Warnings, 0 Critical Warnings and 0 Errors encountered.
synth_design completed successfully
synth_design: Time (s): cpu = 00:00:25 ; elapsed = 00:00:30 . Memory (MB): peak = 745.750 ; gain = 500.078
INFO: [Common 17-1381] The checkpoint 'D:/Academic/Computer Organization and Digital Design/Labs/Lab 3/Lab 3/Lab 3.runs/synth_1/RCA_4.dcp' has been generated.
INFO: [runtcl-4] Executing : report_utilization -file RCA_4_utilization_synth.rpt -pb RCA_4_utilization_synth.pb
report_utilization: Time (s): cpu = 00:00:00 ; elapsed = 00:00:00.020 . Memory (MB): peak = 746.145 ; gain = 0.000
INFO: [Common 17-206] Exiting Vivado at Wed Mar 15 22:36:30 2023...
