
*** Running vivado
    with args -log Slow_Clk.vdi -applog -m64 -product Vivado -messageDb vivado.pb -mode batch -source Slow_Clk.tcl -notrace


****** Vivado v2018.1 (64-bit)
  **** SW Build 2188600 on Wed Apr  4 18:40:38 MDT 2018
  **** IP Build 2185939 on Wed Apr  4 20:55:05 MDT 2018
    ** Copyright 1986-2018 Xilinx, Inc. All Rights Reserved.

source Slow_Clk.tcl -notrace
Command: link_design -top Slow_Clk -part xc7a35tcpg236-1
Design is defaulting to srcset: sources_1
Design is defaulting to constrset: constrs_1
INFO: [Netlist 29-17] Analyzing 9 Unisim elements for replacement
INFO: [Netlist 29-28] Unisim Transformation completed in 0 CPU seconds
INFO: [Project 1-479] Netlist was created with Vivado 2018.1
INFO: [Device 21-403] Loading part xc7a35tcpg236-1
INFO: [Project 1-570] Preparing netlist for logic optimization
INFO: [Project 1-111] Unisim Transformation Summary:
No Unisim elements were transformed.

6 Infos, 0 Warnings, 0 Critical Warnings and 0 Errors encountered.
link_design completed successfully
link_design: Time (s): cpu = 00:00:06 ; elapsed = 00:00:07 . Memory (MB): peak = 550.664 ; gain = 299.617
Command: opt_design
Attempting to get a license for feature 'Implementation' and/or device 'xc7a35t'
INFO: [Common 17-349] Got license for feature 'Implementation' and/or device 'xc7a35t'
Running DRC as a precondition to command opt_design

Starting DRC Task
INFO: [DRC 23-27] Running DRC with 2 threads
INFO: [Project 1-461] DRC finished with 0 Errors
INFO: [Project 1-462] Please refer to the DRC report (report_drc) for more information.

Time (s): cpu = 00:00:00 ; elapsed = 00:00:00.518 . Memory (MB): peak = 570.414 ; gain = 19.750
INFO: [Timing 38-35] Done setting XDC timing constraints.

Starting Logic Optimization Task

Phase 1 Retarget
INFO: [Opt 31-138] Pushed 0 inverter(s) to 0 load pin(s).
INFO: [Opt 31-49] Retargeted 0 cell(s).
Phase 1 Retarget | Checksum: f3ddd924

Time (s): cpu = 00:00:00 ; elapsed = 00:00:00.062 . Memory (MB): peak = 1099.641 ; gain = 0.000
INFO: [Opt 31-389] Phase Retarget created 0 cells and removed 0 cells

Phase 2 Constant propagation
INFO: [Opt 31-138] Pushed 0 inverter(s) to 0 load pin(s).
Phase 2 Constant propagation | Checksum: f3ddd924

Time (s): cpu = 00:00:00 ; elapsed = 00:00:00.067 . Memory (MB): peak = 1099.641 ; gain = 0.000
INFO: [Opt 31-389] Phase Constant propagation created 0 cells and removed 0 cells

Phase 3 Sweep
Phase 3 Sweep | Checksum: 167d53bb4

Time (s): cpu = 00:00:00 ; elapsed = 00:00:00.083 . Memory (MB): peak = 1099.641 ; gain = 0.000
INFO: [Opt 31-389] Phase Sweep created 0 cells and removed 0 cells

Phase 4 BUFG optimization
Phase 4 BUFG optimization | Checksum: 167d53bb4

Time (s): cpu = 00:00:00 ; elapsed = 00:00:00.094 . Memory (MB): peak = 1099.641 ; gain = 0.000
INFO: [Opt 31-389] Phase BUFG optimization created 0 cells and removed 0 cells

Phase 5 Shift Register Optimization
Phase 5 Shift Register Optimization | Checksum: 167d53bb4

Time (s): cpu = 00:00:00 ; elapsed = 00:00:00.100 . Memory (MB): peak = 1099.641 ; gain = 0.000
INFO: [Opt 31-389] Phase Shift Register Optimization created 0 cells and removed 0 cells

Phase 6 Post Processing Netlist
Phase 6 Post Processing Netlist | Checksum: 167d53bb4

Time (s): cpu = 00:00:00 ; elapsed = 00:00:00.101 . Memory (MB): peak = 1099.641 ; gain = 0.000
INFO: [Opt 31-389] Phase Post Processing Netlist created 0 cells and removed 0 cells

Starting Connectivity Check Task

Time (s): cpu = 00:00:00 ; elapsed = 00:00:00 . Memory (MB): peak = 1099.641 ; gain = 0.000
Ending Logic Optimization Task | Checksum: 167d53bb4

Time (s): cpu = 00:00:00 ; elapsed = 00:00:00.104 . Memory (MB): peak = 1099.641 ; gain = 0.000

Starting Power Optimization Task
INFO: [Pwropt 34-132] Skipping clock gating for clocks with a period < 2.00 ns.
Ending Power Optimization Task | Checksum: 1c315d660

Time (s): cpu = 00:00:00 ; elapsed = 00:00:00.017 . Memory (MB): peak = 1099.641 ; gain = 0.000
INFO: [Common 17-83] Releasing license: Implementation
22 Infos, 0 Warnings, 0 Critical Warnings and 0 Errors encountered.
opt_design completed successfully
opt_design: Time (s): cpu = 00:00:10 ; elapsed = 00:00:13 . Memory (MB): peak = 1099.641 ; gain = 548.977
INFO: [Timing 38-480] Writing timing data to binary archive.
INFO: [Common 17-1381] The checkpoint 'D:/Academic/Computer Organization and Digital Design/Labs/Lab5/Lab5.runs/impl_1/Slow_Clk_opt.dcp' has been generated.
INFO: [runtcl-4] Executing : report_drc -file Slow_Clk_drc_opted.rpt -pb Slow_Clk_drc_opted.pb -rpx Slow_Clk_drc_opted.rpx
Command: report_drc -file Slow_Clk_drc_opted.rpt -pb Slow_Clk_drc_opted.pb -rpx Slow_Clk_drc_opted.rpx
INFO: [IP_Flow 19-234] Refreshing IP repositories
INFO: [IP_Flow 19-1704] No user IP repositories specified
INFO: [IP_Flow 19-2313] Loaded Vivado IP repository 'C:/Xilinx/Vivado/2018.1/data/ip'.
INFO: [DRC 23-27] Running DRC with 2 threads
INFO: [Coretcl 2-168] The results of DRC are in file D:/Academic/Computer Organization and Digital Design/Labs/Lab5/Lab5.runs/impl_1/Slow_Clk_drc_opted.rpt.
report_drc completed successfully
Command: place_design
Attempting to get a license for feature 'Implementation' and/or device 'xc7a35t'
INFO: [Common 17-349] Got license for feature 'Implementation' and/or device 'xc7a35t'
INFO: [DRC 23-27] Running DRC with 2 threads
INFO: [Vivado_Tcl 4-198] DRC finished with 0 Errors
INFO: [Vivado_Tcl 4-199] Please refer to the DRC report (report_drc) for more information.
Running DRC as a precondition to command place_design
INFO: [DRC 23-27] Running DRC with 2 threads
INFO: [Vivado_Tcl 4-198] DRC finished with 0 Errors
INFO: [Vivado_Tcl 4-199] Please refer to the DRC report (report_drc) for more information.

Starting Placer Task
INFO: [Place 30-611] Multithreading enabled for place_design using a maximum of 2 CPUs

Phase 1 Placer Initialization

Phase 1.1 Placer Initialization Netlist Sorting
Netlist sorting complete. Time (s): cpu = 00:00:00 ; elapsed = 00:00:00 . Memory (MB): peak = 1099.641 ; gain = 0.000
Phase 1.1 Placer Initialization Netlist Sorting | Checksum: dd09b1e5

Time (s): cpu = 00:00:00 ; elapsed = 00:00:00.015 . Memory (MB): peak = 1099.641 ; gain = 0.000
INFO: [Timing 38-35] Done setting XDC timing constraints.
INFO: [Opt 31-138] Pushed 0 inverter(s) to 0 load pin(s).
Netlist sorting complete. Time (s): cpu = 00:00:00 ; elapsed = 00:00:00 . Memory (MB): peak = 1116.457 ; gain = 0.000

Phase 1.2 IO Placement/ Clock Placement/ Build Placer Device
INFO: [Timing 38-35] Done setting XDC timing constraints.
Phase 1.2 IO Placement/ Clock Placement/ Build Placer Device | Checksum: 1c17de7a5

Time (s): cpu = 00:00:01 ; elapsed = 00:00:00.575 . Memory (MB): peak = 1116.789 ; gain = 17.148

Phase 1.3 Build Placer Netlist Model
Phase 1.3 Build Placer Netlist Model | Checksum: 20b1cf30c

Time (s): cpu = 00:00:01 ; elapsed = 00:00:00.625 . Memory (MB): peak = 1116.789 ; gain = 17.148

Phase 1.4 Constrain Clocks/Macros
Phase 1.4 Constrain Clocks/Macros | Checksum: 20b1cf30c

Time (s): cpu = 00:00:01 ; elapsed = 00:00:00.627 . Memory (MB): peak = 1116.789 ; gain = 17.148
Phase 1 Placer Initialization | Checksum: 20b1cf30c

Time (s): cpu = 00:00:01 ; elapsed = 00:00:00.634 . Memory (MB): peak = 1116.789 ; gain = 17.148

Phase 2 Global Placement
Phase 2 Global Placement | Checksum: 259779dcd

Time (s): cpu = 00:00:02 ; elapsed = 00:00:00.919 . Memory (MB): peak = 1116.789 ; gain = 17.148

Phase 3 Detail Placement

Phase 3.1 Commit Multi Column Macros
Phase 3.1 Commit Multi Column Macros | Checksum: 259779dcd

Time (s): cpu = 00:00:02 ; elapsed = 00:00:00.922 . Memory (MB): peak = 1116.789 ; gain = 17.148

Phase 3.2 Commit Most Macros & LUTRAMs
Phase 3.2 Commit Most Macros & LUTRAMs | Checksum: 2bde442de

Time (s): cpu = 00:00:02 ; elapsed = 00:00:00.938 . Memory (MB): peak = 1116.789 ; gain = 17.148

Phase 3.3 Area Swap Optimization
Phase 3.3 Area Swap Optimization | Checksum: 2377cf899

Time (s): cpu = 00:00:02 ; elapsed = 00:00:00.943 . Memory (MB): peak = 1116.789 ; gain = 17.148

Phase 3.4 Pipeline Register Optimization
Phase 3.4 Pipeline Register Optimization | Checksum: 2377cf899

Time (s): cpu = 00:00:02 ; elapsed = 00:00:00.944 . Memory (MB): peak = 1116.789 ; gain = 17.148

Phase 3.5 Small Shape Detail Placement
Phase 3.5 Small Shape Detail Placement | Checksum: 179338a90

Time (s): cpu = 00:00:02 ; elapsed = 00:00:01 . Memory (MB): peak = 1116.789 ; gain = 17.148

Phase 3.6 Re-assign LUT pins
Phase 3.6 Re-assign LUT pins | Checksum: 179338a90

Time (s): cpu = 00:00:02 ; elapsed = 00:00:01 . Memory (MB): peak = 1116.789 ; gain = 17.148

Phase 3.7 Pipeline Register Optimization
Phase 3.7 Pipeline Register Optimization | Checksum: 179338a90

Time (s): cpu = 00:00:02 ; elapsed = 00:00:01 . Memory (MB): peak = 1116.789 ; gain = 17.148
Phase 3 Detail Placement | Checksum: 179338a90

Time (s): cpu = 00:00:02 ; elapsed = 00:00:01 . Memory (MB): peak = 1116.789 ; gain = 17.148

Phase 4 Post Placement Optimization and Clean-Up

Phase 4.1 Post Commit Optimization
Phase 4.1 Post Commit Optimization | Checksum: 179338a90

Time (s): cpu = 00:00:02 ; elapsed = 00:00:01 . Memory (MB): peak = 1116.789 ; gain = 17.148

Phase 4.2 Post Placement Cleanup
Phase 4.2 Post Placement Cleanup | Checksum: 179338a90

Time (s): cpu = 00:00:02 ; elapsed = 00:00:01 . Memory (MB): peak = 1116.789 ; gain = 17.148

Phase 4.3 Placer Reporting
Phase 4.3 Placer Reporting | Checksum: 179338a90

Time (s): cpu = 00:00:02 ; elapsed = 00:00:01 . Memory (MB): peak = 1116.789 ; gain = 17.148

Phase 4.4 Final Placement Cleanup
Phase 4.4 Final Placement Cleanup | Checksum: 16c0bd5b7

Time (s): cpu = 00:00:02 ; elapsed = 00:00:01 . Memory (MB): peak = 1116.789 ; gain = 17.148
Phase 4 Post Placement Optimization and Clean-Up | Checksum: 16c0bd5b7

Time (s): cpu = 00:00:02 ; elapsed = 00:00:01 . Memory (MB): peak = 1116.789 ; gain = 17.148
Ending Placer Task | Checksum: edef3480

Time (s): cpu = 00:00:02 ; elapsed = 00:00:01 . Memory (MB): peak = 1116.789 ; gain = 17.148
INFO: [Common 17-83] Releasing license: Implementation
42 Infos, 0 Warnings, 0 Critical Warnings and 0 Errors encountered.
place_design completed successfully
INFO: [Timing 38-480] Writing timing data to binary archive.
Writing placer database...
Writing XDEF routing.
Writing XDEF routing logical nets.
Writing XDEF routing special nets.
Write XDEF Complete: Time (s): cpu = 00:00:00 ; elapsed = 00:00:00.082 . Memory (MB): peak = 1121.555 ; gain = 4.766
INFO: [Common 17-1381] The checkpoint 'D:/Academic/Computer Organization and Digital Design/Labs/Lab5/Lab5.runs/impl_1/Slow_Clk_placed.dcp' has been generated.
INFO: [runtcl-4] Executing : report_io -file Slow_Clk_io_placed.rpt
report_io: Time (s): cpu = 00:00:00 ; elapsed = 00:00:00.028 . Memory (MB): peak = 1124.906 ; gain = 0.000
INFO: [runtcl-4] Executing : report_utilization -file Slow_Clk_utilization_placed.rpt -pb Slow_Clk_utilization_placed.pb
report_utilization: Time (s): cpu = 00:00:00 ; elapsed = 00:00:00.027 . Memory (MB): peak = 1124.906 ; gain = 0.000
INFO: [runtcl-4] Executing : report_control_sets -verbose -file Slow_Clk_control_sets_placed.rpt
report_control_sets: Time (s): cpu = 00:00:00 ; elapsed = 00:00:00.002 . Memory (MB): peak = 1124.906 ; gain = 0.000
Command: route_design
Attempting to get a license for feature 'Implementation' and/or device 'xc7a35t'
INFO: [Common 17-349] Got license for feature 'Implementation' and/or device 'xc7a35t'
Running DRC as a precondition to command route_design
INFO: [DRC 23-27] Running DRC with 2 threads
INFO: [Vivado_Tcl 4-198] DRC finished with 0 Errors
INFO: [Vivado_Tcl 4-199] Please refer to the DRC report (report_drc) for more information.


Starting Routing Task
INFO: [Route 35-254] Multithreading enabled for route_design using a maximum of 2 CPUs
Checksum: PlaceDB: 10e5829b ConstDB: 0 ShapeSum: dd09b1e5 RouteDB: 0

Phase 1 Build RT Design
Phase 1 Build RT Design | Checksum: 17634157a

Time (s): cpu = 00:00:18 ; elapsed = 00:00:17 . Memory (MB): peak = 1240.340 ; gain = 115.434
Post Restoration Checksum: NetGraph: a7457255 NumContArr: ceeea325 Constraints: 0 Timing: 0

Phase 2 Router Initialization
INFO: [Route 35-64] No timing constraints were detected. The router will operate in resource-optimization mode.

Phase 2.1 Fix Topology Constraints
Phase 2.1 Fix Topology Constraints | Checksum: 17634157a

Time (s): cpu = 00:00:18 ; elapsed = 00:00:17 . Memory (MB): peak = 1246.383 ; gain = 121.477

Phase 2.2 Pre Route Cleanup
Phase 2.2 Pre Route Cleanup | Checksum: 17634157a

Time (s): cpu = 00:00:18 ; elapsed = 00:00:17 . Memory (MB): peak = 1246.383 ; gain = 121.477
 Number of Nodes with overlaps = 0
Phase 2 Router Initialization | Checksum: 7ae01f73

Time (s): cpu = 00:00:18 ; elapsed = 00:00:17 . Memory (MB): peak = 1250.273 ; gain = 125.367

Phase 3 Initial Routing
Phase 3 Initial Routing | Checksum: 69485fe3

Time (s): cpu = 00:00:18 ; elapsed = 00:00:17 . Memory (MB): peak = 1250.273 ; gain = 125.367

Phase 4 Rip-up And Reroute

Phase 4.1 Global Iteration 0
 Number of Nodes with overlaps = 1
 Number of Nodes with overlaps = 0
Phase 4.1 Global Iteration 0 | Checksum: 150a23f2b

Time (s): cpu = 00:00:18 ; elapsed = 00:00:17 . Memory (MB): peak = 1250.273 ; gain = 125.367
Phase 4 Rip-up And Reroute | Checksum: 150a23f2b

Time (s): cpu = 00:00:18 ; elapsed = 00:00:17 . Memory (MB): peak = 1250.273 ; gain = 125.367

Phase 5 Delay and Skew Optimization
Phase 5 Delay and Skew Optimization | Checksum: 150a23f2b

Time (s): cpu = 00:00:18 ; elapsed = 00:00:17 . Memory (MB): peak = 1250.273 ; gain = 125.367

Phase 6 Post Hold Fix

Phase 6.1 Hold Fix Iter
Phase 6.1 Hold Fix Iter | Checksum: 150a23f2b

Time (s): cpu = 00:00:18 ; elapsed = 00:00:17 . Memory (MB): peak = 1250.273 ; gain = 125.367
Phase 6 Post Hold Fix | Checksum: 150a23f2b

Time (s): cpu = 00:00:18 ; elapsed = 00:00:17 . Memory (MB): peak = 1250.273 ; gain = 125.367

Phase 7 Route finalize

Router Utilization Summary
  Global Vertical Routing Utilization    = 0.00390656 %
  Global Horizontal Routing Utilization  = 0.000260281 %
  Routable Net Status*
  *Does not include unroutable nets such as driverless and loadless.
  Run report_route_status for detailed report.
  Number of Failed Nets               = 0
  Number of Unrouted Nets             = 0
  Number of Partially Routed Nets     = 0
  Number of Node Overlaps             = 0

Congestion Report
North Dir 1x1 Area, Max Cong = 6.30631%, No Congested Regions.
South Dir 1x1 Area, Max Cong = 4.5045%, No Congested Regions.
East Dir 1x1 Area, Max Cong = 0%, No Congested Regions.
West Dir 1x1 Area, Max Cong = 2.94118%, No Congested Regions.

------------------------------
Reporting congestion hotspots
------------------------------
Direction: North
----------------
Congested clusters found at Level 0
Effective congestion level: 0 Aspect Ratio: 1 Sparse Ratio: 0
Direction: South
----------------
Congested clusters found at Level 0
Effective congestion level: 0 Aspect Ratio: 1 Sparse Ratio: 0
Direction: East
----------------
Congested clusters found at Level 0
Effective congestion level: 0 Aspect Ratio: 1 Sparse Ratio: 0
Direction: West
----------------
Congested clusters found at Level 0
Effective congestion level: 0 Aspect Ratio: 1 Sparse Ratio: 0

Phase 7 Route finalize | Checksum: 150a23f2b

Time (s): cpu = 00:00:18 ; elapsed = 00:00:17 . Memory (MB): peak = 1250.273 ; gain = 125.367

Phase 8 Verifying routed nets

 Verification completed successfully
Phase 8 Verifying routed nets | Checksum: 150a23f2b

Time (s): cpu = 00:00:18 ; elapsed = 00:00:17 . Memory (MB): peak = 1250.648 ; gain = 125.742

Phase 9 Depositing Routes
Phase 9 Depositing Routes | Checksum: 11fd72e82

Time (s): cpu = 00:00:18 ; elapsed = 00:00:17 . Memory (MB): peak = 1250.648 ; gain = 125.742
INFO: [Route 35-16] Router Completed Successfully

Time (s): cpu = 00:00:18 ; elapsed = 00:00:17 . Memory (MB): peak = 1250.648 ; gain = 125.742

Routing Is Done.
INFO: [Common 17-83] Releasing license: Implementation
55 Infos, 0 Warnings, 0 Critical Warnings and 0 Errors encountered.
route_design completed successfully
route_design: Time (s): cpu = 00:00:19 ; elapsed = 00:00:18 . Memory (MB): peak = 1250.648 ; gain = 125.742
INFO: [Timing 38-480] Writing timing data to binary archive.
Writing placer database...
Writing XDEF routing.
Writing XDEF routing logical nets.
Writing XDEF routing special nets.
Write XDEF Complete: Time (s): cpu = 00:00:00 ; elapsed = 00:00:00.041 . Memory (MB): peak = 1250.648 ; gain = 0.000
INFO: [Common 17-1381] The checkpoint 'D:/Academic/Computer Organization and Digital Design/Labs/Lab5/Lab5.runs/impl_1/Slow_Clk_routed.dcp' has been generated.
INFO: [runtcl-4] Executing : report_drc -file Slow_Clk_drc_routed.rpt -pb Slow_Clk_drc_routed.pb -rpx Slow_Clk_drc_routed.rpx
Command: report_drc -file Slow_Clk_drc_routed.rpt -pb Slow_Clk_drc_routed.pb -rpx Slow_Clk_drc_routed.rpx
INFO: [DRC 23-27] Running DRC with 2 threads
INFO: [Coretcl 2-168] The results of DRC are in file D:/Academic/Computer Organization and Digital Design/Labs/Lab5/Lab5.runs/impl_1/Slow_Clk_drc_routed.rpt.
report_drc completed successfully
INFO: [runtcl-4] Executing : report_methodology -file Slow_Clk_methodology_drc_routed.rpt -pb Slow_Clk_methodology_drc_routed.pb -rpx Slow_Clk_methodology_drc_routed.rpx
Command: report_methodology -file Slow_Clk_methodology_drc_routed.rpt -pb Slow_Clk_methodology_drc_routed.pb -rpx Slow_Clk_methodology_drc_routed.rpx
INFO: [Timing 38-35] Done setting XDC timing constraints.
INFO: [Timing 38-35] Done setting XDC timing constraints.
INFO: [DRC 23-133] Running Methodology with 2 threads
INFO: [Coretcl 2-1520] The results of Report Methodology are in file D:/Academic/Computer Organization and Digital Design/Labs/Lab5/Lab5.runs/impl_1/Slow_Clk_methodology_drc_routed.rpt.
report_methodology completed successfully
INFO: [runtcl-4] Executing : report_power -file Slow_Clk_power_routed.rpt -pb Slow_Clk_power_summary_routed.pb -rpx Slow_Clk_power_routed.rpx
Command: report_power -file Slow_Clk_power_routed.rpt -pb Slow_Clk_power_summary_routed.pb -rpx Slow_Clk_power_routed.rpx
WARNING: [Power 33-232] No user defined clocks were found in the design!
Resolution: Please specify clocks using create_clock/create_generated_clock for sequential elements. For pure combinatorial circuits, please specify a virtual clock, otherwise the vectorless estimation might be inaccurate
INFO: [Timing 38-35] Done setting XDC timing constraints.
Running Vector-less Activity Propagation...

Finished Running Vector-less Activity Propagation
67 Infos, 1 Warnings, 0 Critical Warnings and 0 Errors encountered.
report_power completed successfully
INFO: [runtcl-4] Executing : report_route_status -file Slow_Clk_route_status.rpt -pb Slow_Clk_route_status.pb
INFO: [runtcl-4] Executing : report_timing_summary -max_paths 10 -file Slow_Clk_timing_summary_routed.rpt -pb Slow_Clk_timing_summary_routed.pb -rpx Slow_Clk_timing_summary_routed.rpx -warn_on_violation 
INFO: [Timing 38-91] UpdateTimingParams: Speed grade: -1, Delay Type: min_max, Timing Stage: Requireds.
INFO: [Timing 38-191] Multithreading enabled for timing update using a maximum of 2 CPUs
WARNING: [Timing 38-313] There are no user specified timing constraints. Timing constraints are needed for proper timing analysis.
INFO: [runtcl-4] Executing : report_incremental_reuse -file Slow_Clk_incremental_reuse_routed.rpt
INFO: [Vivado_Tcl 4-545] No incremental reuse to report, no incremental placement and routing data was found.
INFO: [runtcl-4] Executing : report_clock_utilization -file Slow_Clk_clock_utilization_routed.rpt
INFO: [runtcl-4] Executing : report_bus_skew -warn_on_violation -file route_report_bus_skew_0.rpt -rpx route_report_bus_skew_0.rpx
INFO: [Timing 38-91] UpdateTimingParams: Speed grade: -1, Delay Type: min_max, Timing Stage: Requireds.
INFO: [Timing 38-191] Multithreading enabled for timing update using a maximum of 2 CPUs
INFO: [Common 17-206] Exiting Vivado at Sat Apr  8 20:35:22 2023...
